[2020-08-28 16:04:14,296][INFO][__init__.py][connect][ 45]: 正在连接模拟器 127.0.0.1:62001，请稍候...
[2020-08-28 16:04:15,488][INFO][__init__.py][connect][ 47]: 模拟器 127.0.0.1:62001 连接成功
[2020-08-28 16:04:15,489][INFO][__init__.py][__init__][ 38]: 打开 appium 服务,正在配置...
[2020-08-28 16:04:15,491][INFO][__init__.py][__init__][ 39]: 正在启动学习强国...
[2020-08-28 16:04:29,932][INFO][__init__.py][connect][ 45]: 正在连接模拟器 127.0.0.1:62001，请稍候...
[2020-08-28 16:04:29,973][INFO][__init__.py][connect][ 47]: 模拟器 127.0.0.1:62001 连接成功
[2020-08-28 16:04:29,973][INFO][__init__.py][__init__][ 38]: 打开 appium 服务,正在配置...
[2020-08-28 16:04:29,974][INFO][__init__.py][__init__][ 39]: 正在启动学习强国...
[2020-08-28 16:04:50,204][INFO][__init__.py][connect][ 45]: 正在连接模拟器 127.0.0.1:62001，请稍候...
[2020-08-28 16:04:50,273][INFO][__init__.py][connect][ 47]: 模拟器 127.0.0.1:62001 连接成功
[2020-08-28 16:04:50,274][INFO][__init__.py][__init__][ 38]: 打开 appium 服务,正在配置...
[2020-08-28 16:04:50,274][INFO][__init__.py][__init__][ 39]: 正在启动学习强国...
[2020-08-28 16:05:05,590][INFO][__init__.py][connect][ 45]: 正在连接模拟器 127.0.0.1:62001，请稍候...
[2020-08-28 16:05:05,667][INFO][__init__.py][connect][ 47]: 模拟器 127.0.0.1:62001 连接成功
[2020-08-28 16:05:05,667][INFO][__init__.py][__init__][ 38]: 打开 appium 服务,正在配置...
[2020-08-28 16:05:05,668][INFO][__init__.py][__init__][ 39]: 正在启动学习强国...
[2020-08-28 16:09:13,558][INFO][__init__.py][connect][ 45]: 正在连接模拟器 127.0.0.1:62001，请稍候...
[2020-08-28 16:09:13,597][INFO][__init__.py][connect][ 47]: 模拟器 127.0.0.1:62001 连接成功
[2020-08-28 16:09:13,598][INFO][__init__.py][__init__][ 38]: 打开 appium 服务,正在配置...
[2020-08-28 16:09:13,598][INFO][__init__.py][__init__][ 39]: 正在启动学习强国...
[2020-08-28 16:10:06,599][DEBUG][__init__.py][login_or_not][156]: com.alibaba.android.rimet.biz.SplashActivity
[2020-08-28 16:10:06,600][DEBUG][__init__.py][login_or_not][157]: 非首页，先进行登录
[2020-08-28 16:10:06,600][ERROR][__init__.py][login_or_not][160]: 未提供有效的username和password
[2020-08-28 16:10:06,600][INFO][__init__.py][login_or_not][161]: 也许你可以通过下面的命令重新启动:
[2020-08-28 16:10:06,600][INFO][__init__.py][login_or_not][162]: 	python -m xuexi -u "your_username" -p "your_password"
[2020-08-28 16:14:39,263][INFO][__init__.py][connect][ 45]: 正在连接模拟器 127.0.0.1:62001，请稍候...
[2020-08-28 16:14:39,302][INFO][__init__.py][connect][ 47]: 模拟器 127.0.0.1:62001 连接成功
[2020-08-28 16:14:39,302][INFO][__init__.py][__init__][ 38]: 打开 appium 服务,正在配置...
[2020-08-28 16:14:39,303][INFO][__init__.py][__init__][ 39]: 正在启动学习强国...
[2020-08-28 16:15:04,229][DEBUG][__init__.py][login_or_not][153]: 不需要登录
[2020-08-28 16:15:04,270][DEBUG][__init__.py][safe_click][115]: safe click //android.widget.TextView[@resource-id="cn.xuexi.android:id/comm_head_xuexi_score"]
[2020-08-28 16:15:18,643][DEBUG][__init__.py][view_score][208]: 登录, (1, 1)
[2020-08-28 16:15:18,643][DEBUG][__init__.py][view_score][208]: 我要选读文章, (0, 12)
[2020-08-28 16:15:18,643][DEBUG][__init__.py][view_score][208]: 视听学习, (0, 6)
[2020-08-28 16:15:18,643][DEBUG][__init__.py][view_score][208]: 视听学习时长, (0, 6)
[2020-08-28 16:15:18,643][DEBUG][__init__.py][view_score][208]: 每日答题, (0, 6)
[2020-08-28 16:15:18,643][DEBUG][__init__.py][view_score][208]: 每周答题, (0, 5)
[2020-08-28 16:15:18,643][DEBUG][__init__.py][view_score][208]: 专项答题, (0, 10)
[2020-08-28 16:15:18,643][DEBUG][__init__.py][view_score][208]: 挑战答题, (6, 6)
[2020-08-28 16:15:18,644][DEBUG][__init__.py][view_score][208]: 订阅, (0, 2)
[2020-08-28 16:15:18,644][DEBUG][__init__.py][view_score][208]: 分享, (0, 1)
[2020-08-28 16:15:18,644][DEBUG][__init__.py][view_score][208]: 发表观点, (0, 1)
[2020-08-28 16:15:18,644][DEBUG][__init__.py][view_score][208]: 本地频道, (0, 1)
[2020-08-28 16:15:18,644][DEBUG][__init__.py][safe_back][110]: score -> home
[2020-08-28 16:15:20,581][DEBUG][__main__.py][start][ 31]: 视听学习置后
[2020-08-28 16:15:20,581][DEBUG][__init__.py][music][937]: 广播开关 默认
[2020-08-28 16:15:20,581][DEBUG][__init__.py][_music][946]: 正在打开《音乐之声》...
[2020-08-28 16:15:20,581][DEBUG][__init__.py][safe_click][115]: safe click //*[@resource-id="cn.xuexi.android:id/home_bottom_tab_button_mine"]
[2020-08-28 16:15:23,598][DEBUG][__init__.py][safe_click][115]: safe click //*[@text="听新闻广播"]
[2020-08-28 16:15:24,764][DEBUG][__init__.py][safe_click][115]: safe click //*[@text="音乐之声"]
[2020-08-28 16:15:26,094][DEBUG][__init__.py][safe_click][115]: safe click //*[@resource-id="cn.xuexi.android:id/home_bottom_tab_button_work"]
[2020-08-28 16:15:27,426][DEBUG][__init__.py][safe_click][115]: safe click //*[@resource-id="cn.xuexi.android:id/comm_head_xuexi_mine"]
[2020-08-28 16:15:29,773][DEBUG][__init__.py][safe_click][115]: safe click //*[@text="我要答题"]
[2020-08-28 16:15:34,065][DEBUG][__init__.py][safe_click][115]: safe click //*[@text="每日答题"]
[2020-08-28 16:15:35,545][INFO][__init__.py][_daily][693]: 每日答题 第 5# 组
[2020-08-28 16:15:35,545][DEBUG][__init__.py][_dispatch][673]: 每日答题 第 9 题
[2020-08-28 16:15:36,460][INFO][__init__.py][_check][634]: 多选题 2016年4月5日，习近平总书记在参加首都义务植树活动时强调，各级领导干部要带头参加义务植树，身体力行在全社会宣传新发展理念，发扬前人栽树、后人乘凉精神，         、         、         ，让大地山川绿起来，让人民群众生活环境美起来。
['多种树', '种好树', '管好树']
[2020-08-28 16:15:36,461][DEBUG][model.py][get][ 90]: GET 2016年4月5日，习近平总书记在参加首都义务植树活动时强调，各级领导干部要带头参加义务植树，身体力行在全社会宣传新发展理念，发扬前人栽树、后人乘凉精神，         、         、         ，让大地山川绿起来，让人民群众生活环境美起来。...
[2020-08-28 16:15:36,545][DEBUG][model.py][get][ 94]: GET item success
[2020-08-28 16:15:36,546][INFO][__init__.py][_verify][254]: 已知的正确答案: ABC
[2020-08-28 16:15:36,546][DEBUG][__init__.py][_check][636]: 提交答案 ABC
[2020-08-28 16:15:39,599][INFO][__init__.py][_submit][460]: 随机延时 4 秒...
[2020-08-28 16:15:43,599][DEBUG][__init__.py][safe_click][115]: safe click //*[@text="确定" or @text="下一题" or @text="完成"]
[2020-08-28 16:15:46,756][DEBUG][__init__.py][_dispatch][673]: 每日答题 第 8 题
[2020-08-28 16:15:47,025][INFO][__init__.py][_radio][593]: 单选题 旅行社应当提示参加团队旅游的旅游者按照规定购买         。
[2020-08-28 16:15:47,026][INFO][__init__.py][_radio][594]: 选项 ['社会保险', '人身意外伤害保险', '财产保险', '团体保险']
[2020-08-28 16:15:47,027][DEBUG][model.py][get][ 90]: GET 旅行社应当提示参加团队旅游的旅游者按照规定购买         。...
[2020-08-28 16:15:47,087][DEBUG][model.py][get][ 94]: GET item success
[2020-08-28 16:15:47,088][INFO][__init__.py][_verify][254]: 已知的正确答案: B
[2020-08-28 16:15:47,089][INFO][__init__.py][_radio][597]: 提交答案 B
[2020-08-28 16:15:47,108][INFO][__init__.py][_submit][460]: 随机延时 3 秒...
[2020-08-28 16:15:50,108][DEBUG][__init__.py][safe_click][115]: safe click //*[@text="确定" or @text="下一题" or @text="完成"]
[2020-08-28 16:15:52,235][DEBUG][__init__.py][_dispatch][673]: 每日答题 第 7 题
[2020-08-28 16:15:52,349][DEBUG][__init__.py][_blank][505]: len of blank contents is 4
[2020-08-28 16:15:52,509][INFO][__init__.py][_blank][543]: 填空题 
[2020-08-28 16:15:52,510][DEBUG][model.py][get][ 88]: content is empty
[2020-08-28 16:15:54,637][DEBUG][__init__.py][_view_tips][479]: 提示 2018年5月18日，习近平总书记在全国生态环境保护大会上的讲话中指出，环境就是民生，青山就是美丽，蓝天也是幸福。发展经济是为了民生，保护生态环境同样也是为了民生。既要创造更多的物质财富和精神财富以满足人民日益增长的美好生活需要，也要提供更多优质生态产品以满足人民日益增长的优美生态环境需要。
[2020-08-28 16:15:58,728][DEBUG][__init__.py][_verify][271]: dest: []
[2020-08-28 16:15:58,728][DEBUG][__init__.py][_verify][280]: 多处填空题难以预料结果，索性不处理
[2020-08-28 16:15:58,728][DEBUG][__init__.py][_blank][549]: 提交答案 <generator object App._blank.<locals>.<genexpr> at 0x0000022185499948>
[2020-08-28 16:15:59,753][INFO][__init__.py][_submit][460]: 随机延时 3 秒...
[2020-08-28 16:16:02,753][DEBUG][__init__.py][safe_click][115]: safe click //*[@text="确定" or @text="下一题" or @text="完成"]
[2020-08-28 16:16:05,016][INFO][__init__.py][_blank][559]: 答案 生态环境
[2020-08-28 16:16:05,079][DEBUG][__init__.py][_blank][561]: 解析 2018年5月18日，习近平总书记在全国生态环境保护大会上的讲话中指出，环境就是民生，青山就是美丽，蓝天也是幸福。发展经济是为了民生，保护生态环境同样也是为了民生。既要创造更多的物质财富和精神财富以满足人民日益增长的美好生活需要，也要提供更多优质生态产品以满足人民日益增长的优美生态环境需要。
[2020-08-28 16:16:07,080][DEBUG][__init__.py][safe_click][115]: safe click //*[@text="确定" or @text="下一题" or @text="完成"]
[2020-08-28 16:16:11,151][DEBUG][model.py][put][ 67]: content is empty
[2020-08-28 16:16:11,151][DEBUG][__init__.py][_dispatch][673]: 每日答题 第 6 题
[2020-08-28 16:16:11,376][INFO][__init__.py][_radio][593]: 单选题 下列文艺作品中，不属于抗日战争时期创作的是         。
[2020-08-28 16:16:11,377][INFO][__init__.py][_radio][594]: 选项 ['秧歌剧《兄妹开荒》', '歌剧《白毛女》', '话剧《龙须沟》', '话剧《抓壮丁》']
[2020-08-28 16:16:11,379][DEBUG][model.py][get][ 90]: GET 下列文艺作品中，不属于抗日战争时期创作的是         。...
[2020-08-28 16:16:11,437][DEBUG][model.py][get][ 94]: GET item success
[2020-08-28 16:16:11,437][INFO][__init__.py][_verify][254]: 已知的正确答案: C
[2020-08-28 16:16:11,437][INFO][__init__.py][_radio][597]: 提交答案 C
[2020-08-28 16:16:11,453][INFO][__init__.py][_submit][460]: 随机延时 3 秒...
[2020-08-28 16:16:14,454][DEBUG][__init__.py][safe_click][115]: safe click //*[@text="确定" or @text="下一题" or @text="完成"]
[2020-08-28 16:16:18,589][DEBUG][__init__.py][_dispatch][673]: 每日答题 第 5 题
[2020-08-28 16:16:18,869][INFO][__init__.py][_radio][593]: 单选题 “君问归期未有期，巴山夜雨涨秋池。何当共剪西窗烛，却话巴山夜雨时。”为唐代诗人李商隐所作，诗名为         。
[2020-08-28 16:16:18,870][INFO][__init__.py][_radio][594]: 选项 ['《入峡次巴东》', '《巫山高》', '《离思》', '《夜雨寄北》']
[2020-08-28 16:16:18,872][DEBUG][model.py][get][ 90]: GET “君问归期未有期，巴山夜雨涨秋池。何当共剪西窗烛，却话巴山夜雨时。”为唐代诗人李商隐所作，诗名为         。...
[2020-08-28 16:16:18,926][DEBUG][model.py][get][ 94]: GET item success
[2020-08-28 16:16:18,927][INFO][__init__.py][_verify][254]: 已知的正确答案: D
[2020-08-28 16:16:18,927][INFO][__init__.py][_radio][597]: 提交答案 D
[2020-08-28 16:16:18,945][INFO][__init__.py][_submit][460]: 随机延时 3 秒...
[2020-08-28 16:16:21,945][DEBUG][__init__.py][safe_click][115]: safe click //*[@text="确定" or @text="下一题" or @text="完成"]
[2020-08-28 16:16:25,052][DEBUG][__init__.py][_dispatch][673]: 每日答题 第 4 题
[2020-08-28 16:16:25,089][ERROR][__init__.py][_dispatch][677]: 无法获取题目类型
[2020-08-28 16:16:31,914][INFO][__init__.py][connect][ 45]: 正在连接模拟器 127.0.0.1:62001，请稍候...
[2020-08-28 16:16:31,953][INFO][__init__.py][connect][ 47]: 模拟器 127.0.0.1:62001 连接成功
[2020-08-28 16:16:31,953][INFO][__init__.py][__init__][ 38]: 打开 appium 服务,正在配置...
[2020-08-28 16:16:31,954][INFO][__init__.py][__init__][ 39]: 正在启动学习强国...
[2020-08-28 16:16:59,191][DEBUG][__init__.py][login_or_not][153]: 不需要登录
[2020-08-28 16:16:59,252][DEBUG][__init__.py][safe_click][115]: safe click //android.widget.TextView[@resource-id="cn.xuexi.android:id/comm_head_xuexi_score"]
[2020-08-28 16:17:04,555][DEBUG][__init__.py][view_score][208]: 登录, (1, 1)
[2020-08-28 16:17:04,555][DEBUG][__init__.py][view_score][208]: 我要选读文章, (0, 12)
[2020-08-28 16:17:04,555][DEBUG][__init__.py][view_score][208]: 视听学习, (0, 6)
[2020-08-28 16:17:04,555][DEBUG][__init__.py][view_score][208]: 视听学习时长, (0, 6)
[2020-08-28 16:17:04,555][DEBUG][__init__.py][view_score][208]: 每日答题, (4, 6)
[2020-08-28 16:17:04,556][DEBUG][__init__.py][view_score][208]: 每周答题, (0, 5)
[2020-08-28 16:17:04,556][DEBUG][__init__.py][view_score][208]: 专项答题, (0, 10)
[2020-08-28 16:17:04,556][DEBUG][__init__.py][view_score][208]: 挑战答题, (6, 6)
[2020-08-28 16:17:04,556][DEBUG][__init__.py][view_score][208]: 订阅, (0, 2)
[2020-08-28 16:17:04,556][DEBUG][__init__.py][view_score][208]: 分享, (0, 1)
[2020-08-28 16:17:04,556][DEBUG][__init__.py][view_score][208]: 发表观点, (0, 1)
[2020-08-28 16:17:04,556][DEBUG][__init__.py][view_score][208]: 本地频道, (0, 1)
[2020-08-28 16:17:04,556][DEBUG][__init__.py][safe_back][110]: score -> home
[2020-08-28 16:17:06,688][DEBUG][__main__.py][start][ 26]: 视听学习优先
[2020-08-28 16:17:06,688][INFO][__init__.py][_watch][956]: 开始浏览百灵视频...
[2020-08-28 16:17:06,688][DEBUG][__init__.py][safe_click][115]: safe click //*[@resource-id="cn.xuexi.android:id/home_bottom_tab_button_ding"]
[2020-08-28 16:17:08,487][DEBUG][__init__.py][safe_click][115]: safe click //*[@resource-id="cn.xuexi.android:id/home_bottom_tab_button_ding"]
[2020-08-28 16:17:11,906][DEBUG][__init__.py][safe_click][115]: safe click //android.widget.ListView/android.widget.FrameLayout[1]
[2020-08-28 16:17:14,207][INFO][__init__.py][_watch][960]: 预计观看视频 17 则
[2020-08-28 16:17:14,207][INFO][__init__.py][_watch][964]: 正在观看视频 <16#> 29 秒进入下一则...
[2020-08-28 16:17:44,524][DEBUG][__init__.py][swipe_up][ 65]: 向上滑动屏幕
[2020-08-28 16:17:44,525][INFO][__init__.py][_watch][964]: 正在观看视频 <15#> 24 秒进入下一则...
[2020-08-28 16:18:09,876][DEBUG][__init__.py][swipe_up][ 65]: 向上滑动屏幕
[2020-08-28 16:18:09,876][INFO][__init__.py][_watch][964]: 正在观看视频 <14#> 30 秒进入下一则...
[2020-08-28 16:18:21,603][INFO][__init__.py][connect][ 45]: 正在连接模拟器 127.0.0.1:62001，请稍候...
[2020-08-28 16:18:21,642][INFO][__init__.py][connect][ 47]: 模拟器 127.0.0.1:62001 连接成功
[2020-08-28 16:18:21,642][INFO][__init__.py][__init__][ 38]: 打开 appium 服务,正在配置...
[2020-08-28 16:18:21,642][INFO][__init__.py][__init__][ 39]: 正在启动学习强国...
[2020-08-28 16:18:48,200][DEBUG][__init__.py][login_or_not][156]: com.alibaba.android.user.login.SignUpWithPwdActivity
[2020-08-28 16:18:48,200][DEBUG][__init__.py][login_or_not][157]: 非首页，先进行登录
[2020-08-28 16:18:49,419][DEBUG][__init__.py][safe_click][115]: safe click //android.widget.Button[@resource-id="cn.xuexi.android:id/btn_next"]
[2020-08-28 16:19:00,280][DEBUG][__init__.py][login_or_not][177]: 无需点击同意条款按钮
[2020-08-28 16:19:00,347][DEBUG][__init__.py][safe_click][115]: safe click //android.widget.TextView[@resource-id="cn.xuexi.android:id/comm_head_xuexi_score"]
[2020-08-28 16:19:05,317][DEBUG][__init__.py][view_score][208]: 登录, (1, 1)
[2020-08-28 16:19:05,317][DEBUG][__init__.py][view_score][208]: 我要选读文章, (0, 12)
[2020-08-28 16:19:05,317][DEBUG][__init__.py][view_score][208]: 视听学习, (0, 6)
[2020-08-28 16:19:05,317][DEBUG][__init__.py][view_score][208]: 视听学习时长, (0, 6)
[2020-08-28 16:19:05,317][DEBUG][__init__.py][view_score][208]: 每日答题, (4, 6)
[2020-08-28 16:19:05,317][DEBUG][__init__.py][view_score][208]: 每周答题, (0, 5)
[2020-08-28 16:19:05,318][DEBUG][__init__.py][view_score][208]: 专项答题, (0, 10)
[2020-08-28 16:19:05,318][DEBUG][__init__.py][view_score][208]: 挑战答题, (6, 6)
[2020-08-28 16:19:05,318][DEBUG][__init__.py][view_score][208]: 订阅, (0, 2)
[2020-08-28 16:19:05,318][DEBUG][__init__.py][view_score][208]: 分享, (0, 1)
[2020-08-28 16:19:05,318][DEBUG][__init__.py][view_score][208]: 发表观点, (0, 1)
[2020-08-28 16:19:05,318][DEBUG][__init__.py][view_score][208]: 本地频道, (0, 1)
[2020-08-28 16:19:05,318][DEBUG][__init__.py][safe_back][110]: score -> home
[2020-08-28 16:19:07,579][DEBUG][__main__.py][start][ 31]: 视听学习置后
[2020-08-28 16:19:07,579][DEBUG][__init__.py][music][937]: 广播开关 默认
[2020-08-28 16:19:07,579][DEBUG][__init__.py][_music][946]: 正在打开《音乐之声》...
[2020-08-28 16:19:07,579][DEBUG][__init__.py][safe_click][115]: safe click //*[@resource-id="cn.xuexi.android:id/home_bottom_tab_button_mine"]
[2020-08-28 16:19:09,472][DEBUG][__init__.py][safe_click][115]: safe click //*[@text="听新闻广播"]
[2020-08-28 16:19:10,633][DEBUG][__init__.py][safe_click][115]: safe click //*[@text="音乐之声"]
[2020-08-28 16:19:11,946][DEBUG][__init__.py][safe_click][115]: safe click //*[@resource-id="cn.xuexi.android:id/home_bottom_tab_button_work"]
[2020-08-28 16:19:13,176][INFO][__init__.py][challenge][428]: 挑战答题积分已达成，无需重复挑战
[2020-08-28 16:19:18,176][DEBUG][__init__.py][read][886]: 正在进行新闻学习...
[2020-08-28 16:19:31,564][INFO][__init__.py][_kaleidoscope][875]: 在本地学习平台驻足 12 秒
[2020-08-28 16:19:43,565][DEBUG][__init__.py][safe_back][110]: 学习平台 -> 文章列表
[2020-08-28 16:19:45,633][DEBUG][__init__.py][read][895]: 推荐
[2020-08-28 16:19:45,652][INFO][__init__.py][_read][808]: 预计阅读新闻 14 则
[2020-08-28 16:19:47,063][DEBUG][__init__.py][_read][824]: 这篇文章应该不是摄影集了吧
[2020-08-28 16:19:47,092][INFO][__init__.py][_read][827]: <13> 当前篇目 习近平总书记向中国人民警察队伍授旗并致训词凝聚警心鼓舞士气
[2020-08-28 16:19:47,092][INFO][__init__.py][_read][829]: 阅读时间估计 52 秒...
[2020-08-28 16:19:47,094][DEBUG][__init__.py][_read][835]: 延时 18 秒...
[2020-08-28 16:20:06,547][DEBUG][__init__.py][swipe_up][ 65]: 向上滑动屏幕
[2020-08-28 16:20:06,547][DEBUG][__init__.py][_read][835]: 延时 19 秒...
[2020-08-28 16:20:26,825][DEBUG][__init__.py][swipe_up][ 65]: 向上滑动屏幕
[2020-08-28 16:20:26,826][DEBUG][__init__.py][_read][835]: 延时 15 秒...
[2020-08-28 16:20:43,140][DEBUG][__init__.py][swipe_up][ 65]: 向上滑动屏幕
[2020-08-28 16:20:43,140][DEBUG][__init__.py][_read][840]: 完成阅读 习近平总书记向中国人民警察队伍授旗并致训词凝聚警心鼓舞士气
[2020-08-28 16:20:43,545][DEBUG][__init__.py][_star_share_comments][789]: 哟哟，切克闹，收藏转发来一套
[2020-08-28 16:20:43,546][DEBUG][__init__.py][_read][848]: 这是一篇关闭评论的文章，收藏分享留言过程出现错误
[2020-08-28 16:20:43,546][DEBUG][__init__.py][safe_back][110]: article -> list
[2020-08-28 16:20:45,710][DEBUG][__init__.py][_read][824]: 这篇文章应该不是摄影集了吧
[2020-08-28 16:20:45,747][INFO][__init__.py][_read][827]: <12> 当前篇目 对这支国家重要的治安行政和刑事司法力量，习近平有哪些要求？
[2020-08-28 16:20:45,747][INFO][__init__.py][_read][829]: 阅读时间估计 52 秒...
[2020-08-28 16:20:45,748][DEBUG][__init__.py][_read][835]: 延时 15 秒...
[2020-08-28 16:21:02,194][DEBUG][__init__.py][swipe_up][ 65]: 向上滑动屏幕
[2020-08-28 16:21:02,194][DEBUG][__init__.py][_read][835]: 延时 18 秒...
[2020-08-28 16:21:21,425][DEBUG][__init__.py][swipe_up][ 65]: 向上滑动屏幕
[2020-08-28 16:21:21,425][DEBUG][__init__.py][_read][835]: 延时 19 秒...
[2020-08-28 16:21:41,658][DEBUG][__init__.py][swipe_up][ 65]: 向上滑动屏幕
[2020-08-28 16:21:41,658][DEBUG][__init__.py][_read][840]: 完成阅读 对这支国家重要的治安行政和刑事司法力量，习近平有哪些要求？
[2020-08-28 16:21:42,003][DEBUG][__init__.py][_star_share_comments][789]: 哟哟，切克闹，收藏转发来一套
[2020-08-28 16:21:42,004][DEBUG][__init__.py][_read][848]: 这是一篇关闭评论的文章，收藏分享留言过程出现错误
[2020-08-28 16:21:42,004][DEBUG][__init__.py][safe_back][110]: article -> list
[2020-08-28 16:21:44,200][DEBUG][__init__.py][_read][824]: 这篇文章应该不是摄影集了吧
[2020-08-28 16:21:44,255][INFO][__init__.py][_read][827]: <11> 当前篇目 每日金句（朗读版）|习近平论统筹做好经济社会发展工作
[2020-08-28 16:21:44,256][INFO][__init__.py][_read][829]: 阅读时间估计 57 秒...
[2020-08-28 16:21:44,258][DEBUG][__init__.py][_read][835]: 延时 10 秒...
[2020-08-28 16:21:55,527][DEBUG][__init__.py][swipe_up][ 65]: 向上滑动屏幕
[2020-08-28 16:21:55,527][DEBUG][__init__.py][_read][835]: 延时 19 秒...
[2020-08-28 16:22:15,821][DEBUG][__init__.py][swipe_up][ 65]: 向上滑动屏幕
[2020-08-28 16:22:15,821][DEBUG][__init__.py][_read][835]: 延时 18 秒...
[2020-08-28 16:22:35,112][DEBUG][__init__.py][swipe_up][ 65]: 向上滑动屏幕
[2020-08-28 16:22:35,112][DEBUG][__init__.py][_read][835]: 延时 10 秒...
[2020-08-28 16:22:46,273][DEBUG][__init__.py][swipe_up][ 65]: 向上滑动屏幕
[2020-08-28 16:22:46,273][DEBUG][__init__.py][_read][840]: 完成阅读 每日金句（朗读版）|习近平论统筹做好经济社会发展工作
[2020-08-28 16:22:46,700][DEBUG][__init__.py][_star_share_comments][789]: 哟哟，切克闹，收藏转发来一套
[2020-08-28 16:22:46,700][DEBUG][__init__.py][_share_once][782]: 好东西必须和好基友分享，走起，转起！
[2020-08-28 16:22:46,700][DEBUG][__init__.py][safe_click][115]: safe click //android.widget.TextView[@text="欢迎发表你的观点"]/following-sibling::android.widget.ImageView[2]
[2020-08-28 16:22:47,852][DEBUG][__init__.py][safe_click][115]: safe click //android.widget.TextView[@text="分享到学习强国"]
[2020-08-28 16:22:52,205][DEBUG][__init__.py][safe_back][110]: share -> article
[2020-08-28 16:22:53,838][DEBUG][__init__.py][_read][848]: 这是一篇关闭评论的文章，收藏分享留言过程出现错误
[2020-08-28 16:22:53,838][DEBUG][__init__.py][safe_back][110]: article -> list
[2020-08-28 16:22:55,763][DEBUG][__init__.py][_read][824]: 这篇文章应该不是摄影集了吧
[2020-08-28 16:22:55,806][INFO][__init__.py][_read][827]: <10> 当前篇目 “十四五”规划编制工作开展网上意见征求  “学习强国”开设专栏  欢迎建言献策
[2020-08-28 16:22:55,807][INFO][__init__.py][_read][829]: 阅读时间估计 53 秒...
[2020-08-28 16:22:55,809][DEBUG][__init__.py][_read][835]: 延时 17 秒...
[2020-08-28 16:23:14,095][DEBUG][__init__.py][swipe_up][ 65]: 向上滑动屏幕
[2020-08-28 16:23:14,095][DEBUG][__init__.py][_read][835]: 延时 14 秒...
[2020-08-28 16:23:29,406][DEBUG][__init__.py][swipe_up][ 65]: 向上滑动屏幕
[2020-08-28 16:23:29,406][DEBUG][__init__.py][_read][835]: 延时 18 秒...
[2020-08-28 16:23:48,708][DEBUG][__init__.py][swipe_up][ 65]: 向上滑动屏幕
[2020-08-28 16:23:48,708][DEBUG][__init__.py][_read][835]: 延时 4 秒...
[2020-08-28 16:23:53,871][DEBUG][__init__.py][swipe_up][ 65]: 向上滑动屏幕
[2020-08-28 16:23:53,871][DEBUG][__init__.py][_read][840]: 完成阅读 “十四五”规划编制工作开展网上意见征求  “学习强国”开设专栏  欢迎建言献策
[2020-08-28 16:23:54,305][DEBUG][__init__.py][_star_share_comments][789]: 哟哟，切克闹，收藏转发来一套
[2020-08-28 16:23:54,305][DEBUG][__init__.py][_comments_once][768]: 哇塞，这么精彩的文章必须留个言再走！
[2020-08-28 16:23:54,305][DEBUG][__init__.py][safe_click][115]: safe click //android.widget.TextView[@text="欢迎发表你的观点"]
[2020-08-28 16:23:55,978][DEBUG][__init__.py][safe_click][115]: safe click //android.widget.TextView[@text="发布"]
[2020-08-28 16:23:59,837][DEBUG][__init__.py][safe_click][115]: safe click //android.widget.TextView[@text="欢迎发表你的观点"]/following-sibling::android.widget.FrameLayout
[2020-08-28 16:24:01,053][DEBUG][__init__.py][safe_click][115]: safe click //android.widget.TextView[@text="删除"]
[2020-08-28 16:24:02,220][DEBUG][__init__.py][safe_click][115]: safe click //android.widget.Button[@text="确认"]
[2020-08-28 16:24:03,252][DEBUG][__init__.py][_read][848]: 这是一篇关闭评论的文章，收藏分享留言过程出现错误
[2020-08-28 16:24:03,252][DEBUG][__init__.py][safe_back][110]: article -> list
[2020-08-28 16:24:06,349][DEBUG][__init__.py][swipe_up][ 65]: 向上滑动屏幕
[2020-08-28 16:24:08,171][DEBUG][__init__.py][swipe_up][ 65]: 向上滑动屏幕
[2020-08-28 16:24:08,633][DEBUG][__init__.py][_read][824]: 这篇文章应该不是摄影集了吧
[2020-08-28 16:24:08,651][INFO][__init__.py][_read][827]: <9> 当前篇目 中共中央 国务院关于对《首都功能核心区控制性详细规划（街区层面）（2018年－2035年）》的批复
[2020-08-28 16:24:08,652][INFO][__init__.py][_read][829]: 阅读时间估计 62 秒...
[2020-08-28 16:24:08,654][DEBUG][__init__.py][_read][835]: 延时 17 秒...
[2020-08-28 16:24:26,944][DEBUG][__init__.py][swipe_up][ 65]: 向上滑动屏幕
[2020-08-28 16:24:26,945][DEBUG][__init__.py][_read][835]: 延时 20 秒...
[2020-08-28 16:24:48,239][DEBUG][__init__.py][swipe_up][ 65]: 向上滑动屏幕
[2020-08-28 16:24:48,239][DEBUG][__init__.py][_read][835]: 延时 16 秒...
[2020-08-28 16:24:58,302][INFO][__init__.py][connect][ 45]: 正在连接模拟器 127.0.0.1:62001，请稍候...
[2020-08-28 16:24:58,390][INFO][__init__.py][connect][ 47]: 模拟器 127.0.0.1:62001 连接成功
[2020-08-28 16:24:58,390][INFO][__init__.py][__init__][ 38]: 打开 appium 服务,正在配置...
[2020-08-28 16:24:58,391][INFO][__init__.py][__init__][ 39]: 正在启动学习强国...
[2020-08-28 16:28:09,396][INFO][__init__.py][connect][ 45]: 正在连接模拟器 127.0.0.1:62001，请稍候...
[2020-08-28 16:28:09,453][INFO][__init__.py][connect][ 47]: 模拟器 127.0.0.1:62001 连接成功
[2020-08-28 16:28:09,454][INFO][__init__.py][__init__][ 38]: 打开 appium 服务,正在配置...
[2020-08-28 16:28:09,454][INFO][__init__.py][__init__][ 39]: 正在启动学习强国...
[2020-08-28 16:35:04,607][INFO][__init__.py][connect][ 45]: 正在连接模拟器 127.0.0.1:62001，请稍候...
[2020-08-28 16:35:04,643][INFO][__init__.py][connect][ 47]: 模拟器 127.0.0.1:62001 连接成功
[2020-08-28 16:35:04,643][INFO][__init__.py][__init__][ 38]: 打开 appium 服务,正在配置...
[2020-08-28 16:35:04,643][INFO][__init__.py][__init__][ 39]: 正在启动学习强国...
[2020-08-28 16:35:21,938][INFO][__init__.py][connect][ 45]: 正在连接模拟器 127.0.0.1:62001，请稍候...
[2020-08-28 16:35:21,976][INFO][__init__.py][connect][ 47]: 模拟器 127.0.0.1:62001 连接成功
[2020-08-28 16:35:21,976][INFO][__init__.py][__init__][ 38]: 打开 appium 服务,正在配置...
[2020-08-28 16:35:21,976][INFO][__init__.py][__init__][ 39]: 正在启动学习强国...
[2020-08-28 16:35:36,115][INFO][__init__.py][connect][ 45]: 正在连接模拟器 127.0.0.1:62001，请稍候...
[2020-08-28 16:35:36,159][INFO][__init__.py][connect][ 47]: 模拟器 127.0.0.1:62001 连接成功
[2020-08-28 16:35:36,159][INFO][__init__.py][__init__][ 38]: 打开 appium 服务,正在配置...
[2020-08-28 16:35:36,159][INFO][__init__.py][__init__][ 39]: 正在启动学习强国...
[2020-08-28 16:36:10,485][DEBUG][__init__.py][login_or_not][156]: com.alibaba.android.user.login.SignUpWithPwdActivity
[2020-08-28 16:36:10,486][DEBUG][__init__.py][login_or_not][157]: 非首页，先进行登录
[2020-08-28 16:36:11,735][DEBUG][__init__.py][safe_click][115]: safe click //android.widget.Button[@resource-id="cn.xuexi.android:id/btn_next"]
[2020-08-28 16:36:23,137][DEBUG][__init__.py][login_or_not][177]: 无需点击同意条款按钮
[2020-08-28 16:36:23,185][DEBUG][__init__.py][safe_click][115]: safe click //android.widget.TextView[@resource-id="cn.xuexi.android:id/comm_head_xuexi_score"]
[2020-08-28 16:36:30,006][DEBUG][__init__.py][view_score][208]: 登录, (1, 1)
[2020-08-28 16:36:30,006][DEBUG][__init__.py][view_score][208]: 我要选读文章, (7, 12)
[2020-08-28 16:36:30,006][DEBUG][__init__.py][view_score][208]: 视听学习, (0, 6)
[2020-08-28 16:36:30,006][DEBUG][__init__.py][view_score][208]: 视听学习时长, (0, 6)
[2020-08-28 16:36:30,007][DEBUG][__init__.py][view_score][208]: 每日答题, (4, 6)
[2020-08-28 16:36:30,007][DEBUG][__init__.py][view_score][208]: 每周答题, (0, 5)
[2020-08-28 16:36:30,007][DEBUG][__init__.py][view_score][208]: 专项答题, (0, 10)
[2020-08-28 16:36:30,007][DEBUG][__init__.py][view_score][208]: 挑战答题, (6, 6)
[2020-08-28 16:36:30,007][DEBUG][__init__.py][view_score][208]: 订阅, (0, 2)
[2020-08-28 16:36:30,007][DEBUG][__init__.py][view_score][208]: 分享, (0, 1)
[2020-08-28 16:36:30,007][DEBUG][__init__.py][view_score][208]: 发表观点, (1, 1)
[2020-08-28 16:36:30,007][DEBUG][__init__.py][view_score][208]: 本地频道, (1, 1)
[2020-08-28 16:36:30,007][DEBUG][__init__.py][safe_back][110]: score -> home
[2020-08-28 16:36:32,200][DEBUG][__main__.py][start][ 31]: 视听学习置后
[2020-08-28 16:36:32,200][DEBUG][__init__.py][music][937]: 广播开关 默认
[2020-08-28 16:36:32,200][DEBUG][__init__.py][_music][946]: 正在打开《音乐之声》...
[2020-08-28 16:36:32,201][DEBUG][__init__.py][safe_click][115]: safe click //*[@resource-id="cn.xuexi.android:id/home_bottom_tab_button_mine"]
[2020-08-28 16:36:34,342][DEBUG][__init__.py][safe_click][115]: safe click //*[@text="听新闻广播"]
[2020-08-28 16:36:35,563][DEBUG][__init__.py][safe_click][115]: safe click //*[@text="音乐之声"]
[2020-08-28 16:36:36,878][DEBUG][__init__.py][safe_click][115]: safe click //*[@resource-id="cn.xuexi.android:id/home_bottom_tab_button_work"]
[2020-08-28 16:36:38,284][INFO][__init__.py][challenge][428]: 挑战答题积分已达成，无需重复挑战
[2020-08-28 16:36:43,284][DEBUG][__init__.py][read][886]: 正在进行新闻学习...
[2020-08-28 16:36:43,284][DEBUG][__init__.py][back_or_not][215]: 本地频道 积分已达成，无需重复获取积分
[2020-08-28 16:36:44,402][DEBUG][__init__.py][read][895]: 推荐
[2020-08-28 16:36:44,423][INFO][__init__.py][_read][808]: 预计阅读新闻 15 则
[2020-08-28 16:36:45,874][DEBUG][__init__.py][_read][824]: 这篇文章应该不是摄影集了吧
[2020-08-28 16:36:46,574][INFO][__init__.py][_read][827]: <14> 当前篇目 习近平总书记向中国人民警察队伍授旗并致训词凝聚警心鼓舞士气
[2020-08-28 16:36:46,574][INFO][__init__.py][_read][829]: 阅读时间估计 49 秒...
[2020-08-28 16:36:46,575][DEBUG][__init__.py][_read][835]: 延时 10 秒...
[2020-08-28 16:36:58,025][DEBUG][__init__.py][swipe_up][ 65]: 向上滑动屏幕
[2020-08-28 16:36:58,025][DEBUG][__init__.py][_read][835]: 延时 10 秒...
[2020-08-28 16:37:09,358][DEBUG][__init__.py][swipe_up][ 65]: 向上滑动屏幕
[2020-08-28 16:37:09,358][DEBUG][__init__.py][_read][835]: 延时 18 秒...
[2020-08-28 16:37:28,605][DEBUG][__init__.py][swipe_up][ 65]: 向上滑动屏幕
[2020-08-28 16:37:28,605][DEBUG][__init__.py][_read][835]: 延时 11 秒...
[2020-08-28 16:37:40,823][DEBUG][__init__.py][swipe_up][ 65]: 向上滑动屏幕
[2020-08-28 16:37:40,823][DEBUG][__init__.py][_read][840]: 完成阅读 习近平总书记向中国人民警察队伍授旗并致训词凝聚警心鼓舞士气
[2020-08-28 16:37:41,395][DEBUG][__init__.py][_star_share_comments][789]: 哟哟，切克闹，收藏转发来一套
[2020-08-28 16:37:41,396][DEBUG][__init__.py][back_or_not][215]: 发表观点 积分已达成，无需重复获取积分
[2020-08-28 16:37:41,396][DEBUG][__init__.py][_share_once][782]: 好东西必须和好基友分享，走起，转起！
[2020-08-28 16:37:41,396][DEBUG][__init__.py][safe_click][115]: safe click //android.widget.TextView[@text="欢迎发表你的观点"]/following-sibling::android.widget.ImageView[2]
[2020-08-28 16:37:42,462][DEBUG][__init__.py][safe_click][115]: safe click //android.widget.TextView[@text="分享到学习强国"]
[2020-08-28 16:37:46,722][DEBUG][__init__.py][safe_back][110]: share -> article
[2020-08-28 16:37:48,428][DEBUG][__init__.py][_read][848]: 这是一篇关闭评论的文章，收藏分享留言过程出现错误
[2020-08-28 16:37:48,428][DEBUG][__init__.py][safe_back][110]: article -> list
[2020-08-28 16:37:50,371][DEBUG][__init__.py][_read][824]: 这篇文章应该不是摄影集了吧
[2020-08-28 16:37:50,402][INFO][__init__.py][_read][827]: <13> 当前篇目 对这支国家重要的治安行政和刑事司法力量，习近平有哪些要求？
[2020-08-28 16:37:50,402][INFO][__init__.py][_read][829]: 阅读时间估计 52 秒...
[2020-08-28 16:37:50,404][DEBUG][__init__.py][_read][835]: 延时 20 秒...
[2020-08-28 16:38:11,660][DEBUG][__init__.py][swipe_up][ 65]: 向上滑动屏幕
[2020-08-28 16:38:11,660][DEBUG][__init__.py][_read][835]: 延时 13 秒...
[2020-08-28 16:38:32,101][INFO][__init__.py][connect][ 45]: 正在连接模拟器 127.0.0.1:62001，请稍候...
[2020-08-28 16:38:32,141][INFO][__init__.py][connect][ 47]: 模拟器 127.0.0.1:62001 连接成功
[2020-08-28 16:38:32,141][INFO][__init__.py][__init__][ 38]: 打开 appium 服务,正在配置...
[2020-08-28 16:38:32,143][INFO][__init__.py][__init__][ 39]: 正在启动学习强国...
[2020-08-28 16:38:57,323][DEBUG][__init__.py][login_or_not][153]: 不需要登录
[2020-08-28 16:38:57,383][DEBUG][__init__.py][safe_click][115]: safe click //android.widget.TextView[@resource-id="cn.xuexi.android:id/comm_head_xuexi_score"]
[2020-08-28 16:39:02,683][DEBUG][__init__.py][view_score][208]: 登录, (1, 1)
[2020-08-28 16:39:02,684][DEBUG][__init__.py][view_score][208]: 我要选读文章, (9, 12)
[2020-08-28 16:39:02,684][DEBUG][__init__.py][view_score][208]: 视听学习, (0, 6)
[2020-08-28 16:39:02,684][DEBUG][__init__.py][view_score][208]: 视听学习时长, (0, 6)
[2020-08-28 16:39:02,684][DEBUG][__init__.py][view_score][208]: 每日答题, (4, 6)
[2020-08-28 16:39:02,684][DEBUG][__init__.py][view_score][208]: 每周答题, (0, 5)
[2020-08-28 16:39:02,684][DEBUG][__init__.py][view_score][208]: 专项答题, (0, 10)
[2020-08-28 16:39:02,684][DEBUG][__init__.py][view_score][208]: 挑战答题, (6, 6)
[2020-08-28 16:39:02,684][DEBUG][__init__.py][view_score][208]: 订阅, (0, 2)
[2020-08-28 16:39:02,685][DEBUG][__init__.py][view_score][208]: 分享, (1, 1)
[2020-08-28 16:39:02,685][DEBUG][__init__.py][view_score][208]: 发表观点, (1, 1)
[2020-08-28 16:39:02,685][DEBUG][__init__.py][view_score][208]: 本地频道, (1, 1)
[2020-08-28 16:39:02,685][DEBUG][__init__.py][safe_back][110]: score -> home
[2020-08-28 16:39:04,730][DEBUG][__main__.py][start][ 31]: 视听学习置后
[2020-08-28 16:39:04,730][DEBUG][__init__.py][music][937]: 广播开关 默认
[2020-08-28 16:39:04,730][DEBUG][__init__.py][_music][946]: 正在打开《音乐之声》...
[2020-08-28 16:39:04,730][DEBUG][__init__.py][safe_click][115]: safe click //*[@resource-id="cn.xuexi.android:id/home_bottom_tab_button_mine"]
[2020-08-28 16:39:06,696][DEBUG][__init__.py][safe_click][115]: safe click //*[@text="听新闻广播"]
[2020-08-28 16:39:07,852][DEBUG][__init__.py][safe_click][115]: safe click //*[@text="音乐之声"]
[2020-08-28 16:39:09,132][DEBUG][__init__.py][safe_click][115]: safe click //*[@resource-id="cn.xuexi.android:id/home_bottom_tab_button_work"]
[2020-08-28 16:39:10,316][DEBUG][__init__.py][read][886]: 正在进行新闻学习...
[2020-08-28 16:39:10,316][DEBUG][__init__.py][back_or_not][215]: 本地频道 积分已达成，无需重复获取积分
[2020-08-28 16:39:10,911][DEBUG][__init__.py][read][895]: 推荐
[2020-08-28 16:39:10,925][INFO][__init__.py][_read][808]: 预计阅读新闻 14 则
[2020-08-28 16:39:13,270][DEBUG][__init__.py][_read][824]: 这篇文章应该不是摄影集了吧
[2020-08-28 16:39:13,982][INFO][__init__.py][_read][827]: <13> 当前篇目 习近平总书记向中国人民警察队伍授旗并致训词凝聚警心鼓舞士气
[2020-08-28 16:39:13,982][INFO][__init__.py][_read][829]: 阅读时间估计 53 秒...
[2020-08-28 16:39:13,983][DEBUG][__init__.py][_read][835]: 延时 20 秒...
[2020-08-28 16:39:35,394][DEBUG][__init__.py][swipe_up][ 65]: 向上滑动屏幕
[2020-08-28 16:39:35,394][DEBUG][__init__.py][_read][835]: 延时 12 秒...
[2020-08-28 16:39:48,766][DEBUG][__init__.py][swipe_up][ 65]: 向上滑动屏幕
[2020-08-28 16:39:48,766][DEBUG][__init__.py][_read][835]: 延时 14 秒...
[2020-08-28 16:40:03,971][DEBUG][__init__.py][swipe_up][ 65]: 向上滑动屏幕
[2020-08-28 16:40:03,971][DEBUG][__init__.py][_read][835]: 延时 7 秒...
[2020-08-28 16:40:12,108][DEBUG][__init__.py][swipe_up][ 65]: 向上滑动屏幕
[2020-08-28 16:40:12,108][DEBUG][__init__.py][_read][840]: 完成阅读 习近平总书记向中国人民警察队伍授旗并致训词凝聚警心鼓舞士气
[2020-08-28 16:40:12,597][DEBUG][__init__.py][_star_share_comments][789]: 哟哟，切克闹，收藏转发来一套
[2020-08-28 16:40:12,597][DEBUG][__init__.py][back_or_not][215]: 分享 积分已达成，无需重复获取积分
[2020-08-28 16:40:12,597][DEBUG][__init__.py][_read][848]: 这是一篇关闭评论的文章，收藏分享留言过程出现错误
[2020-08-28 16:40:12,598][DEBUG][__init__.py][safe_back][110]: article -> list
[2020-08-28 16:40:14,754][DEBUG][__init__.py][_read][824]: 这篇文章应该不是摄影集了吧
[2020-08-28 16:40:14,803][INFO][__init__.py][_read][827]: <12> 当前篇目 对这支国家重要的治安行政和刑事司法力量，习近平有哪些要求？
[2020-08-28 16:40:14,803][INFO][__init__.py][_read][829]: 阅读时间估计 58 秒...
[2020-08-28 16:40:14,804][DEBUG][__init__.py][_read][835]: 延时 16 秒...
[2020-08-28 16:40:32,175][DEBUG][__init__.py][swipe_up][ 65]: 向上滑动屏幕
[2020-08-28 16:40:32,175][DEBUG][__init__.py][_read][835]: 延时 13 秒...
[2020-08-28 16:40:46,422][DEBUG][__init__.py][swipe_up][ 65]: 向上滑动屏幕
[2020-08-28 16:40:46,423][DEBUG][__init__.py][_read][835]: 延时 18 秒...
[2020-08-28 16:41:05,690][DEBUG][__init__.py][swipe_up][ 65]: 向上滑动屏幕
[2020-08-28 16:41:05,690][DEBUG][__init__.py][_read][835]: 延时 11 秒...
[2020-08-28 16:41:17,989][DEBUG][__init__.py][swipe_up][ 65]: 向上滑动屏幕
[2020-08-28 16:41:17,989][DEBUG][__init__.py][_read][840]: 完成阅读 对这支国家重要的治安行政和刑事司法力量，习近平有哪些要求？
[2020-08-28 16:41:18,328][DEBUG][__init__.py][_star_share_comments][789]: 哟哟，切克闹，收藏转发来一套
[2020-08-28 16:41:18,328][DEBUG][__init__.py][back_or_not][215]: 分享 积分已达成，无需重复获取积分
[2020-08-28 16:41:18,328][DEBUG][__init__.py][_read][848]: 这是一篇关闭评论的文章，收藏分享留言过程出现错误
[2020-08-28 16:41:18,328][DEBUG][__init__.py][safe_back][110]: article -> list
[2020-08-28 16:41:20,928][DEBUG][__init__.py][_read][824]: 这篇文章应该不是摄影集了吧
[2020-08-28 16:41:20,944][INFO][__init__.py][_read][827]: <11> 当前篇目 每日金句（朗读版）|习近平论统筹做好经济社会发展工作
[2020-08-28 16:41:20,945][INFO][__init__.py][_read][829]: 阅读时间估计 52 秒...
[2020-08-28 16:41:20,945][DEBUG][__init__.py][_read][835]: 延时 10 秒...
[2020-08-28 16:41:32,288][DEBUG][__init__.py][swipe_up][ 65]: 向上滑动屏幕
[2020-08-28 16:41:32,288][DEBUG][__init__.py][_read][835]: 延时 17 秒...
[2020-08-28 16:41:50,523][DEBUG][__init__.py][swipe_up][ 65]: 向上滑动屏幕
[2020-08-28 16:41:50,523][DEBUG][__init__.py][_read][835]: 延时 14 秒...
[2020-08-28 16:42:05,806][DEBUG][__init__.py][swipe_up][ 65]: 向上滑动屏幕
[2020-08-28 16:42:05,807][DEBUG][__init__.py][_read][835]: 延时 11 秒...
[2020-08-28 16:42:17,993][DEBUG][__init__.py][swipe_up][ 65]: 向上滑动屏幕
[2020-08-28 16:42:17,994][DEBUG][__init__.py][_read][840]: 完成阅读 每日金句（朗读版）|习近平论统筹做好经济社会发展工作
[2020-08-28 16:42:18,551][DEBUG][__init__.py][_star_share_comments][789]: 哟哟，切克闹，收藏转发来一套
[2020-08-28 16:42:18,551][DEBUG][__init__.py][back_or_not][215]: 发表观点 积分已达成，无需重复获取积分
[2020-08-28 16:42:18,551][DEBUG][__init__.py][_read][848]: 这是一篇关闭评论的文章，收藏分享留言过程出现错误
[2020-08-28 16:42:18,551][DEBUG][__init__.py][safe_back][110]: article -> list
[2020-08-28 16:42:21,037][DEBUG][__init__.py][_read][824]: 这篇文章应该不是摄影集了吧
[2020-08-28 16:42:21,079][INFO][__init__.py][_read][827]: <10> 当前篇目 “十四五”规划编制工作开展网上意见征求  “学习强国”开设专栏  欢迎建言献策
[2020-08-28 16:42:21,080][INFO][__init__.py][_read][829]: 阅读时间估计 59 秒...
[2020-08-28 16:42:21,080][DEBUG][__init__.py][_read][835]: 延时 20 秒...
[2020-08-28 16:42:42,376][DEBUG][__init__.py][swipe_up][ 65]: 向上滑动屏幕
[2020-08-28 16:42:42,377][DEBUG][__init__.py][_read][835]: 延时 14 秒...
[2020-08-28 16:42:57,592][DEBUG][__init__.py][swipe_up][ 65]: 向上滑动屏幕
[2020-08-28 16:42:57,592][DEBUG][__init__.py][_read][835]: 延时 14 秒...
[2020-08-28 16:43:12,861][DEBUG][__init__.py][swipe_up][ 65]: 向上滑动屏幕
[2020-08-28 16:43:12,861][DEBUG][__init__.py][_read][835]: 延时 11 秒...
[2020-08-28 16:43:25,109][DEBUG][__init__.py][swipe_up][ 65]: 向上滑动屏幕
[2020-08-28 16:43:25,109][DEBUG][__init__.py][_read][840]: 完成阅读 “十四五”规划编制工作开展网上意见征求  “学习强国”开设专栏  欢迎建言献策
[2020-08-28 16:43:25,427][DEBUG][__init__.py][_star_share_comments][789]: 哟哟，切克闹，收藏转发来一套
[2020-08-28 16:43:25,427][DEBUG][__init__.py][back_or_not][215]: 发表观点 积分已达成，无需重复获取积分
[2020-08-28 16:43:25,427][DEBUG][__init__.py][back_or_not][215]: 分享 积分已达成，无需重复获取积分
[2020-08-28 16:43:25,427][DEBUG][__init__.py][_read][848]: 这是一篇关闭评论的文章，收藏分享留言过程出现错误
[2020-08-28 16:43:25,427][DEBUG][__init__.py][safe_back][110]: article -> list
[2020-08-28 16:43:28,555][DEBUG][__init__.py][swipe_up][ 65]: 向上滑动屏幕
[2020-08-28 16:43:30,330][DEBUG][__init__.py][swipe_up][ 65]: 向上滑动屏幕
[2020-08-28 16:43:30,876][DEBUG][__init__.py][_read][824]: 这篇文章应该不是摄影集了吧
[2020-08-28 16:43:30,890][INFO][__init__.py][_read][827]: <9> 当前篇目 中共中央 国务院关于对《首都功能核心区控制性详细规划（街区层面）（2018年－2035年）》的批复
[2020-08-28 16:43:30,890][INFO][__init__.py][_read][829]: 阅读时间估计 58 秒...
[2020-08-28 16:43:30,890][DEBUG][__init__.py][_read][835]: 延时 10 秒...
[2020-08-28 16:43:42,276][DEBUG][__init__.py][swipe_up][ 65]: 向上滑动屏幕
[2020-08-28 16:43:42,276][DEBUG][__init__.py][_read][835]: 延时 17 秒...
[2020-08-28 16:44:00,476][DEBUG][__init__.py][swipe_up][ 65]: 向上滑动屏幕
[2020-08-28 16:44:00,477][DEBUG][__init__.py][_read][835]: 延时 11 秒...
[2020-08-28 16:44:12,724][DEBUG][__init__.py][swipe_up][ 65]: 向上滑动屏幕
[2020-08-28 16:44:12,724][DEBUG][__init__.py][_read][835]: 延时 14 秒...
[2020-08-28 16:44:27,872][DEBUG][__init__.py][swipe_up][ 65]: 向上滑动屏幕
[2020-08-28 16:44:27,872][DEBUG][__init__.py][_read][835]: 延时 6 秒...
[2020-08-28 16:44:35,106][DEBUG][__init__.py][swipe_up][ 65]: 向上滑动屏幕
[2020-08-28 16:44:35,106][DEBUG][__init__.py][_read][840]: 完成阅读 中共中央 国务院关于对《首都功能核心区控制性详细规划（街区层面）（2018年－2035年）》的批复
[2020-08-28 16:44:35,475][DEBUG][__init__.py][_star_share_comments][789]: 哟哟，切克闹，收藏转发来一套
[2020-08-28 16:44:35,475][DEBUG][__init__.py][back_or_not][215]: 发表观点 积分已达成，无需重复获取积分
[2020-08-28 16:44:35,475][DEBUG][__init__.py][back_or_not][215]: 分享 积分已达成，无需重复获取积分
[2020-08-28 16:44:35,475][DEBUG][__init__.py][_read][848]: 这是一篇关闭评论的文章，收藏分享留言过程出现错误
[2020-08-28 16:44:35,476][DEBUG][__init__.py][safe_back][110]: article -> list
[2020-08-28 16:44:38,755][DEBUG][__init__.py][swipe_up][ 65]: 向上滑动屏幕
[2020-08-28 16:44:39,234][DEBUG][__init__.py][_read][824]: 这篇文章应该不是摄影集了吧
[2020-08-28 16:44:39,250][INFO][__init__.py][_read][827]: <8> 当前篇目 陕西柞水：小木耳成为脱贫致富的“金耳朵”
[2020-08-28 16:44:39,250][INFO][__init__.py][_read][829]: 阅读时间估计 54 秒...
[2020-08-28 16:44:39,251][DEBUG][__init__.py][_read][835]: 延时 13 秒...
[2020-08-28 16:44:53,542][DEBUG][__init__.py][swipe_up][ 65]: 向上滑动屏幕
[2020-08-28 16:44:53,542][DEBUG][__init__.py][_read][835]: 延时 18 秒...
[2020-08-28 16:45:12,823][DEBUG][__init__.py][swipe_up][ 65]: 向上滑动屏幕
[2020-08-28 16:45:12,823][DEBUG][__init__.py][_read][835]: 延时 11 秒...
[2020-08-28 16:45:25,119][DEBUG][__init__.py][swipe_up][ 65]: 向上滑动屏幕
[2020-08-28 16:45:25,119][DEBUG][__init__.py][_read][835]: 延时 12 秒...
[2020-08-28 16:45:38,425][DEBUG][__init__.py][swipe_up][ 65]: 向上滑动屏幕
[2020-08-28 16:45:38,425][DEBUG][__init__.py][_read][840]: 完成阅读 陕西柞水：小木耳成为脱贫致富的“金耳朵”
[2020-08-28 16:45:39,110][DEBUG][__init__.py][_star_share_comments][789]: 哟哟，切克闹，收藏转发来一套
[2020-08-28 16:45:39,110][DEBUG][__init__.py][back_or_not][215]: 发表观点 积分已达成，无需重复获取积分
[2020-08-28 16:45:39,110][DEBUG][__init__.py][_read][848]: 这是一篇关闭评论的文章，收藏分享留言过程出现错误
[2020-08-28 16:45:39,111][DEBUG][__init__.py][safe_back][110]: article -> list
[2020-08-28 16:45:41,399][DEBUG][__init__.py][_read][824]: 这篇文章应该不是摄影集了吧
[2020-08-28 16:45:41,491][INFO][__init__.py][_read][827]: <7> 当前篇目 江西井冈山神山村村民：从贫困户到“小老板” 
[2020-08-28 16:45:41,491][INFO][__init__.py][_read][829]: 阅读时间估计 60 秒...
[2020-08-28 16:45:41,492][DEBUG][__init__.py][_read][835]: 延时 16 秒...
[2020-08-28 16:45:58,838][DEBUG][__init__.py][swipe_up][ 65]: 向上滑动屏幕
[2020-08-28 16:45:58,838][DEBUG][__init__.py][_read][835]: 延时 14 秒...
[2020-08-28 16:46:14,141][DEBUG][__init__.py][swipe_up][ 65]: 向上滑动屏幕
[2020-08-28 16:46:14,141][DEBUG][__init__.py][_read][835]: 延时 12 秒...
[2020-08-28 16:46:27,423][DEBUG][__init__.py][swipe_up][ 65]: 向上滑动屏幕
[2020-08-28 16:46:27,423][DEBUG][__init__.py][_read][835]: 延时 18 秒...
[2020-08-28 16:46:46,607][DEBUG][__init__.py][swipe_up][ 65]: 向上滑动屏幕
[2020-08-28 16:46:46,607][DEBUG][__init__.py][_read][840]: 完成阅读 江西井冈山神山村村民：从贫困户到“小老板” 
[2020-08-28 16:46:47,000][DEBUG][__init__.py][_star_share_comments][789]: 哟哟，切克闹，收藏转发来一套
[2020-08-28 16:46:47,000][DEBUG][__init__.py][back_or_not][215]: 发表观点 积分已达成，无需重复获取积分
[2020-08-28 16:46:47,000][DEBUG][__init__.py][_read][848]: 这是一篇关闭评论的文章，收藏分享留言过程出现错误
[2020-08-28 16:46:47,000][DEBUG][__init__.py][safe_back][110]: article -> list
[2020-08-28 16:46:50,261][DEBUG][__init__.py][swipe_up][ 65]: 向上滑动屏幕
[2020-08-28 16:46:50,799][DEBUG][__init__.py][_read][824]: 这篇文章应该不是摄影集了吧
[2020-08-28 16:46:50,816][INFO][__init__.py][_read][827]: <6> 当前篇目 外交部评美涉南海制裁：霸道逻辑、强权政治
[2020-08-28 16:46:50,817][INFO][__init__.py][_read][829]: 阅读时间估计 53 秒...
[2020-08-28 16:46:50,817][DEBUG][__init__.py][_read][835]: 延时 17 秒...
[2020-08-28 16:47:09,109][DEBUG][__init__.py][swipe_up][ 65]: 向上滑动屏幕
[2020-08-28 16:47:09,109][DEBUG][__init__.py][_read][835]: 延时 20 秒...
[2020-08-28 16:47:30,356][DEBUG][__init__.py][swipe_up][ 65]: 向上滑动屏幕
[2020-08-28 16:47:30,357][DEBUG][__init__.py][_read][835]: 延时 16 秒...
[2020-08-28 16:47:47,558][DEBUG][__init__.py][swipe_up][ 65]: 向上滑动屏幕
[2020-08-28 16:47:47,558][DEBUG][__init__.py][_read][840]: 完成阅读 外交部评美涉南海制裁：霸道逻辑、强权政治
[2020-08-28 16:47:47,899][DEBUG][__init__.py][_star_share_comments][789]: 哟哟，切克闹，收藏转发来一套
[2020-08-28 16:47:47,900][DEBUG][__init__.py][back_or_not][215]: 发表观点 积分已达成，无需重复获取积分
[2020-08-28 16:47:47,900][DEBUG][__init__.py][back_or_not][215]: 分享 积分已达成，无需重复获取积分
[2020-08-28 16:47:47,900][DEBUG][__init__.py][_read][848]: 这是一篇关闭评论的文章，收藏分享留言过程出现错误
[2020-08-28 16:47:47,900][DEBUG][__init__.py][safe_back][110]: article -> list
[2020-08-28 16:47:49,988][DEBUG][__init__.py][_read][824]: 这篇文章应该不是摄影集了吧
[2020-08-28 16:47:50,009][INFO][__init__.py][_read][827]: <5> 当前篇目 南部战区新闻发言人就美舰擅闯我西沙领海发表谈话
[2020-08-28 16:47:50,010][INFO][__init__.py][_read][829]: 阅读时间估计 55 秒...
[2020-08-28 16:47:50,010][DEBUG][__init__.py][_read][835]: 延时 16 秒...
[2020-08-28 16:48:07,268][DEBUG][__init__.py][swipe_up][ 65]: 向上滑动屏幕
[2020-08-28 16:48:07,269][DEBUG][__init__.py][_read][835]: 延时 11 秒...
[2020-08-28 16:48:19,522][DEBUG][__init__.py][swipe_up][ 65]: 向上滑动屏幕
[2020-08-28 16:48:19,522][DEBUG][__init__.py][_read][835]: 延时 11 秒...
[2020-08-28 16:48:31,675][DEBUG][__init__.py][swipe_up][ 65]: 向上滑动屏幕
[2020-08-28 16:48:31,675][DEBUG][__init__.py][_read][835]: 延时 17 秒...
[2020-08-28 16:48:50,007][DEBUG][__init__.py][swipe_up][ 65]: 向上滑动屏幕
[2020-08-28 16:48:50,007][DEBUG][__init__.py][_read][840]: 完成阅读 南部战区新闻发言人就美舰擅闯我西沙领海发表谈话
[2020-08-28 16:48:50,785][DEBUG][__init__.py][_read][848]: 这是一篇关闭评论的文章，收藏分享留言过程出现错误
[2020-08-28 16:48:50,785][DEBUG][__init__.py][safe_back][110]: article -> list
[2020-08-28 16:48:58,987][INFO][__init__.py][connect][ 45]: 正在连接模拟器 127.0.0.1:62001，请稍候...
[2020-08-28 16:48:59,028][INFO][__init__.py][connect][ 47]: 模拟器 127.0.0.1:62001 连接成功
[2020-08-28 16:48:59,028][INFO][__init__.py][__init__][ 38]: 打开 appium 服务,正在配置...
[2020-08-28 16:48:59,028][INFO][__init__.py][__init__][ 39]: 正在启动学习强国...
[2020-08-28 16:49:26,210][DEBUG][__init__.py][login_or_not][153]: 不需要登录
[2020-08-28 16:49:26,261][DEBUG][__init__.py][safe_click][115]: safe click //android.widget.TextView[@resource-id="cn.xuexi.android:id/comm_head_xuexi_score"]
[2020-08-28 16:49:31,059][DEBUG][__init__.py][view_score][208]: 登录, (1, 1)
[2020-08-28 16:49:31,059][DEBUG][__init__.py][view_score][208]: 我要选读文章, (12, 12)
[2020-08-28 16:49:31,059][DEBUG][__init__.py][view_score][208]: 视听学习, (2, 6)
[2020-08-28 16:49:31,060][DEBUG][__init__.py][view_score][208]: 视听学习时长, (6, 6)
[2020-08-28 16:49:31,060][DEBUG][__init__.py][view_score][208]: 每日答题, (4, 6)
[2020-08-28 16:49:31,060][DEBUG][__init__.py][view_score][208]: 每周答题, (0, 5)
[2020-08-28 16:49:31,060][DEBUG][__init__.py][view_score][208]: 专项答题, (0, 10)
[2020-08-28 16:49:31,060][DEBUG][__init__.py][view_score][208]: 挑战答题, (6, 6)
[2020-08-28 16:49:31,060][DEBUG][__init__.py][view_score][208]: 订阅, (0, 2)
[2020-08-28 16:49:31,060][DEBUG][__init__.py][view_score][208]: 分享, (1, 1)
[2020-08-28 16:49:31,060][DEBUG][__init__.py][view_score][208]: 发表观点, (1, 1)
[2020-08-28 16:49:31,061][DEBUG][__init__.py][view_score][208]: 本地频道, (1, 1)
[2020-08-28 16:49:31,061][DEBUG][__init__.py][safe_back][110]: score -> home
[2020-08-28 16:49:33,094][DEBUG][__main__.py][start][ 26]: 视听学习优先
[2020-08-28 16:49:33,094][INFO][__init__.py][_watch][956]: 开始浏览百灵视频...
[2020-08-28 16:49:33,095][DEBUG][__init__.py][safe_click][115]: safe click //*[@resource-id="cn.xuexi.android:id/home_bottom_tab_button_ding"]
[2020-08-28 16:49:34,823][DEBUG][__init__.py][safe_click][115]: safe click //*[@resource-id="cn.xuexi.android:id/home_bottom_tab_button_ding"]
[2020-08-28 16:49:35,960][DEBUG][__init__.py][safe_click][115]: safe click //android.widget.ListView/android.widget.FrameLayout[1]
[2020-08-28 16:49:38,234][INFO][__init__.py][_watch][960]: 预计观看视频 16 则
[2020-08-28 16:49:38,234][INFO][__init__.py][_watch][964]: 正在观看视频 <15#> 28 秒进入下一则...
[2020-08-28 16:50:07,430][DEBUG][__init__.py][swipe_up][ 65]: 向上滑动屏幕
[2020-08-28 16:50:07,430][INFO][__init__.py][_watch][964]: 正在观看视频 <14#> 29 秒进入下一则...
[2020-08-28 16:50:37,673][DEBUG][__init__.py][swipe_up][ 65]: 向上滑动屏幕
[2020-08-28 16:50:37,673][INFO][__init__.py][_watch][964]: 正在观看视频 <13#> 25 秒进入下一则...
[2020-08-28 16:51:03,806][DEBUG][__init__.py][swipe_up][ 65]: 向上滑动屏幕
[2020-08-28 16:51:03,806][INFO][__init__.py][_watch][964]: 正在观看视频 <12#> 28 秒进入下一则...
[2020-08-28 16:51:33,107][DEBUG][__init__.py][swipe_up][ 65]: 向上滑动屏幕
[2020-08-28 16:51:33,107][INFO][__init__.py][_watch][964]: 正在观看视频 <11#> 32 秒进入下一则...
[2020-08-28 16:52:06,239][DEBUG][__init__.py][swipe_up][ 65]: 向上滑动屏幕
[2020-08-28 16:52:06,239][INFO][__init__.py][_watch][964]: 正在观看视频 <10#> 32 秒进入下一则...
[2020-08-28 16:52:39,487][DEBUG][__init__.py][swipe_up][ 65]: 向上滑动屏幕
[2020-08-28 16:52:39,487][INFO][__init__.py][_watch][964]: 正在观看视频 <9#> 28 秒进入下一则...
[2020-08-28 16:58:26,376][DEBUG][__init__.py][swipe_up][ 65]: 向上滑动屏幕
[2020-08-28 16:58:26,376][INFO][__init__.py][_watch][964]: 正在观看视频 <8#> 26 秒进入下一则...
[2020-08-28 16:58:53,639][DEBUG][__init__.py][swipe_up][ 65]: 向上滑动屏幕
[2020-08-28 16:58:53,639][INFO][__init__.py][_watch][964]: 正在观看视频 <7#> 25 秒进入下一则...
[2020-08-28 16:59:19,888][DEBUG][__init__.py][swipe_up][ 65]: 向上滑动屏幕
[2020-08-28 16:59:19,888][INFO][__init__.py][_watch][964]: 正在观看视频 <6#> 29 秒进入下一则...
[2020-08-28 16:59:50,039][DEBUG][__init__.py][swipe_up][ 65]: 向上滑动屏幕
[2020-08-28 16:59:50,039][INFO][__init__.py][_watch][964]: 正在观看视频 <5#> 26 秒进入下一则...
[2020-08-28 17:00:17,260][DEBUG][__init__.py][swipe_up][ 65]: 向上滑动屏幕
[2020-08-28 17:00:17,260][INFO][__init__.py][_watch][964]: 正在观看视频 <4#> 26 秒进入下一则...
[2020-08-28 17:00:44,423][DEBUG][__init__.py][swipe_up][ 65]: 向上滑动屏幕
[2020-08-28 17:00:44,423][INFO][__init__.py][_watch][964]: 正在观看视频 <3#> 31 秒进入下一则...
[2020-08-28 17:01:16,607][DEBUG][__init__.py][swipe_up][ 65]: 向上滑动屏幕
[2020-08-28 17:01:16,607][INFO][__init__.py][_watch][964]: 正在观看视频 <2#> 28 秒进入下一则...
[2020-08-28 17:01:45,775][DEBUG][__init__.py][swipe_up][ 65]: 向上滑动屏幕
[2020-08-28 17:01:45,775][INFO][__init__.py][_watch][964]: 正在观看视频 <1#> 33 秒进入下一则...
[2020-08-28 17:02:19,938][DEBUG][__init__.py][swipe_up][ 65]: 向上滑动屏幕
[2020-08-28 17:02:19,939][INFO][__init__.py][_watch][964]: 正在观看视频 <0#> 33 秒进入下一则...
[2020-08-28 17:02:54,072][DEBUG][__init__.py][swipe_up][ 65]: 向上滑动屏幕
[2020-08-28 17:02:54,072][INFO][__init__.py][_watch][968]: 视听学习完毕，正在返回...
[2020-08-28 17:02:54,073][DEBUG][__init__.py][safe_back][110]: video -> bailing
[2020-08-28 17:02:56,158][DEBUG][__init__.py][_watch][970]: 正在返回首页...
[2020-08-28 17:02:56,158][DEBUG][__init__.py][safe_click][115]: safe click //*[@resource-id="cn.xuexi.android:id/home_bottom_tab_button_work"]
[2020-08-28 17:02:57,824][DEBUG][__init__.py][music][937]: 广播开关 默认
[2020-08-28 17:02:57,824][DEBUG][__init__.py][music][940]: 视听学习时长积分已达成，无需重复收听
[2020-08-28 17:02:57,824][INFO][__init__.py][read][884]: 新闻阅读已达成，无需重复阅读
[2020-08-28 17:03:02,824][INFO][__init__.py][challenge][428]: 挑战答题积分已达成，无需重复挑战
[2020-08-28 17:03:07,824][DEBUG][__init__.py][safe_click][115]: safe click //*[@resource-id="cn.xuexi.android:id/comm_head_xuexi_mine"]
[2020-08-28 17:03:09,005][DEBUG][__init__.py][safe_click][115]: safe click //*[@text="我要答题"]
[2020-08-28 17:03:13,569][DEBUG][__init__.py][safe_click][115]: safe click //*[@text="每周答题"]
[2020-08-28 17:03:23,679][INFO][__init__.py][connect][ 45]: 正在连接模拟器 127.0.0.1:62001，请稍候...
[2020-08-28 17:03:23,726][INFO][__init__.py][connect][ 47]: 模拟器 127.0.0.1:62001 连接成功
[2020-08-28 17:03:23,726][INFO][__init__.py][__init__][ 38]: 打开 appium 服务,正在配置...
[2020-08-28 17:03:23,726][INFO][__init__.py][__init__][ 39]: 正在启动学习强国...
[2020-08-28 17:03:55,608][DEBUG][__init__.py][login_or_not][153]: 不需要登录
[2020-08-28 17:03:55,662][DEBUG][__init__.py][safe_click][115]: safe click //android.widget.TextView[@resource-id="cn.xuexi.android:id/comm_head_xuexi_score"]
[2020-08-28 17:04:01,649][DEBUG][__init__.py][view_score][208]: 登录, (1, 1)
[2020-08-28 17:04:01,649][DEBUG][__init__.py][view_score][208]: 我要选读文章, (12, 12)
[2020-08-28 17:04:01,649][DEBUG][__init__.py][view_score][208]: 视听学习, (6, 6)
[2020-08-28 17:04:01,649][DEBUG][__init__.py][view_score][208]: 视听学习时长, (6, 6)
[2020-08-28 17:04:01,649][DEBUG][__init__.py][view_score][208]: 每日答题, (4, 6)
[2020-08-28 17:04:01,649][DEBUG][__init__.py][view_score][208]: 每周答题, (0, 5)
[2020-08-28 17:04:01,650][DEBUG][__init__.py][view_score][208]: 专项答题, (0, 10)
[2020-08-28 17:04:01,650][DEBUG][__init__.py][view_score][208]: 挑战答题, (6, 6)
[2020-08-28 17:04:01,650][DEBUG][__init__.py][view_score][208]: 订阅, (0, 2)
[2020-08-28 17:04:01,650][DEBUG][__init__.py][view_score][208]: 分享, (1, 1)
[2020-08-28 17:04:01,650][DEBUG][__init__.py][view_score][208]: 发表观点, (1, 1)
[2020-08-28 17:04:01,650][DEBUG][__init__.py][view_score][208]: 本地频道, (1, 1)
[2020-08-28 17:04:01,650][DEBUG][__init__.py][safe_back][110]: score -> home
[2020-08-28 17:04:03,586][DEBUG][__main__.py][start][ 31]: 视听学习置后
[2020-08-28 17:04:03,586][DEBUG][__init__.py][music][937]: 广播开关 默认
[2020-08-28 17:04:03,586][DEBUG][__init__.py][music][940]: 视听学习时长积分已达成，无需重复收听
[2020-08-28 17:04:03,586][INFO][__init__.py][read][884]: 新闻阅读已达成，无需重复阅读
[2020-08-28 17:04:08,586][DEBUG][__init__.py][safe_click][115]: safe click //*[@resource-id="cn.xuexi.android:id/comm_head_xuexi_mine"]
[2020-08-28 17:04:09,790][DEBUG][__init__.py][safe_click][115]: safe click //*[@text="我要答题"]
[2020-08-28 17:04:14,085][DEBUG][__init__.py][safe_click][115]: safe click //*[@text="每周答题"]
[2020-08-28 17:04:21,981][INFO][__init__.py][connect][ 45]: 正在连接模拟器 127.0.0.1:62001，请稍候...
[2020-08-28 17:04:22,024][INFO][__init__.py][connect][ 47]: 模拟器 127.0.0.1:62001 连接成功
[2020-08-28 17:04:22,024][INFO][__init__.py][__init__][ 38]: 打开 appium 服务,正在配置...
[2020-08-28 17:04:22,025][INFO][__init__.py][__init__][ 39]: 正在启动学习强国...
[2020-08-28 17:04:48,403][DEBUG][__init__.py][login_or_not][153]: 不需要登录
[2020-08-28 17:04:48,455][DEBUG][__init__.py][safe_click][115]: safe click //android.widget.TextView[@resource-id="cn.xuexi.android:id/comm_head_xuexi_score"]
[2020-08-28 17:04:53,581][DEBUG][__init__.py][view_score][208]: 登录, (1, 1)
[2020-08-28 17:04:53,581][DEBUG][__init__.py][view_score][208]: 我要选读文章, (12, 12)
[2020-08-28 17:04:53,581][DEBUG][__init__.py][view_score][208]: 视听学习, (6, 6)
[2020-08-28 17:04:53,581][DEBUG][__init__.py][view_score][208]: 视听学习时长, (6, 6)
[2020-08-28 17:04:53,581][DEBUG][__init__.py][view_score][208]: 每日答题, (4, 6)
[2020-08-28 17:04:53,581][DEBUG][__init__.py][view_score][208]: 每周答题, (0, 5)
[2020-08-28 17:04:53,581][DEBUG][__init__.py][view_score][208]: 专项答题, (0, 10)
[2020-08-28 17:04:53,581][DEBUG][__init__.py][view_score][208]: 挑战答题, (6, 6)
[2020-08-28 17:04:53,581][DEBUG][__init__.py][view_score][208]: 订阅, (0, 2)
[2020-08-28 17:04:53,582][DEBUG][__init__.py][view_score][208]: 分享, (1, 1)
[2020-08-28 17:04:53,582][DEBUG][__init__.py][view_score][208]: 发表观点, (1, 1)
[2020-08-28 17:04:53,582][DEBUG][__init__.py][view_score][208]: 本地频道, (1, 1)
[2020-08-28 17:04:53,582][DEBUG][__init__.py][safe_back][110]: score -> home
[2020-08-28 17:04:55,627][DEBUG][__main__.py][start][ 26]: 视听学习优先
[2020-08-28 17:04:55,627][INFO][__init__.py][_watch][954]: 视听学习积分已达成，无须重复视听
[2020-08-28 17:04:55,627][DEBUG][__init__.py][music][937]: 广播开关 默认
[2020-08-28 17:04:55,627][DEBUG][__init__.py][music][940]: 视听学习时长积分已达成，无需重复收听
[2020-08-28 17:04:55,627][INFO][__init__.py][read][884]: 新闻阅读已达成，无需重复阅读
[2020-08-28 17:05:00,629][INFO][__init__.py][challenge][428]: 挑战答题积分已达成，无需重复挑战
[2020-08-28 17:05:05,630][DEBUG][__init__.py][safe_click][115]: safe click //*[@resource-id="cn.xuexi.android:id/comm_head_xuexi_mine"]
[2020-08-28 17:05:06,944][DEBUG][__init__.py][safe_click][115]: safe click //*[@text="我要答题"]
[2020-08-28 17:05:11,385][DEBUG][__init__.py][safe_click][115]: safe click //*[@text="每周答题"]
[2020-08-28 17:05:18,862][INFO][__init__.py][connect][ 45]: 正在连接模拟器 127.0.0.1:62001，请稍候...
[2020-08-28 17:05:18,899][INFO][__init__.py][connect][ 47]: 模拟器 127.0.0.1:62001 连接成功
[2020-08-28 17:05:18,899][INFO][__init__.py][__init__][ 38]: 打开 appium 服务,正在配置...
[2020-08-28 17:05:18,900][INFO][__init__.py][__init__][ 39]: 正在启动学习强国...
[2020-08-28 17:05:45,135][DEBUG][__init__.py][login_or_not][153]: 不需要登录
[2020-08-28 17:05:45,197][DEBUG][__init__.py][safe_click][115]: safe click //android.widget.TextView[@resource-id="cn.xuexi.android:id/comm_head_xuexi_score"]
[2020-08-28 17:05:50,160][DEBUG][__init__.py][view_score][208]: 登录, (1, 1)
[2020-08-28 17:05:50,160][DEBUG][__init__.py][view_score][208]: 我要选读文章, (12, 12)
[2020-08-28 17:05:50,160][DEBUG][__init__.py][view_score][208]: 视听学习, (6, 6)
[2020-08-28 17:05:50,160][DEBUG][__init__.py][view_score][208]: 视听学习时长, (6, 6)
[2020-08-28 17:05:50,160][DEBUG][__init__.py][view_score][208]: 每日答题, (4, 6)
[2020-08-28 17:05:50,160][DEBUG][__init__.py][view_score][208]: 每周答题, (0, 5)
[2020-08-28 17:05:50,160][DEBUG][__init__.py][view_score][208]: 专项答题, (0, 10)
[2020-08-28 17:05:50,160][DEBUG][__init__.py][view_score][208]: 挑战答题, (6, 6)
[2020-08-28 17:05:50,161][DEBUG][__init__.py][view_score][208]: 订阅, (0, 2)
[2020-08-28 17:05:50,161][DEBUG][__init__.py][view_score][208]: 分享, (1, 1)
[2020-08-28 17:05:50,161][DEBUG][__init__.py][view_score][208]: 发表观点, (1, 1)
[2020-08-28 17:05:50,161][DEBUG][__init__.py][view_score][208]: 本地频道, (1, 1)
[2020-08-28 17:05:50,161][DEBUG][__init__.py][safe_back][110]: score -> home
[2020-08-28 17:05:52,149][DEBUG][__main__.py][start][ 31]: 视听学习置后
[2020-08-28 17:05:52,149][DEBUG][__init__.py][music][937]: 广播开关 默认
[2020-08-28 17:05:52,150][DEBUG][__init__.py][music][940]: 视听学习时长积分已达成，无需重复收听
[2020-08-28 17:05:52,150][DEBUG][__init__.py][safe_click][115]: safe click //*[@resource-id="cn.xuexi.android:id/comm_head_xuexi_mine"]
[2020-08-28 17:05:53,841][DEBUG][__init__.py][safe_click][115]: safe click //*[@text="我要答题"]
[2020-08-28 17:05:58,197][DEBUG][__init__.py][safe_click][115]: safe click //*[@text="每周答题"]
[2020-08-28 17:18:14,334][INFO][__init__.py][connect][ 45]: 正在连接模拟器 127.0.0.1:62001，请稍候...
[2020-08-28 17:18:14,379][INFO][__init__.py][connect][ 47]: 模拟器 127.0.0.1:62001 连接成功
[2020-08-28 17:18:14,380][INFO][__init__.py][__init__][ 38]: 打开 appium 服务,正在配置...
[2020-08-28 17:18:14,382][INFO][__init__.py][__init__][ 39]: 正在启动学习强国...
[2020-08-28 17:19:20,891][INFO][__init__.py][connect][ 45]: 正在连接模拟器 127.0.0.1:62001，请稍候...
[2020-08-28 17:19:20,940][INFO][__init__.py][connect][ 47]: 模拟器 127.0.0.1:62001 连接成功
[2020-08-28 17:19:20,940][INFO][__init__.py][__init__][ 38]: 打开 appium 服务,正在配置...
[2020-08-28 17:19:20,940][INFO][__init__.py][__init__][ 39]: 正在启动学习强国...
[2020-08-28 17:19:58,586][DEBUG][__init__.py][login_or_not][156]: com.alibaba.android.rimet.biz.home.activity.HomeActivity
[2020-08-28 17:19:58,586][DEBUG][__init__.py][login_or_not][157]: 非首页，先进行登录
[2020-08-28 17:20:20,878][INFO][__init__.py][connect][ 45]: 正在连接模拟器 127.0.0.1:62001，请稍候...
[2020-08-28 17:20:20,935][INFO][__init__.py][connect][ 47]: 模拟器 127.0.0.1:62001 连接成功
[2020-08-28 17:20:20,936][INFO][__init__.py][__init__][ 38]: 打开 appium 服务,正在配置...
[2020-08-28 17:20:20,937][INFO][__init__.py][__init__][ 39]: 正在启动学习强国...
[2020-08-28 17:20:48,436][DEBUG][__init__.py][login_or_not][153]: 不需要登录
[2020-08-28 17:20:48,489][DEBUG][__init__.py][safe_click][115]: safe click //android.widget.TextView[@resource-id="cn.xuexi.android:id/comm_head_xuexi_score"]
[2020-08-28 17:21:10,920][INFO][__init__.py][connect][ 45]: 正在连接模拟器 127.0.0.1:62001，请稍候...
[2020-08-28 17:21:10,961][INFO][__init__.py][connect][ 47]: 模拟器 127.0.0.1:62001 连接成功
[2020-08-28 17:21:10,962][INFO][__init__.py][__init__][ 38]: 打开 appium 服务,正在配置...
[2020-08-28 17:21:10,962][INFO][__init__.py][__init__][ 39]: 正在启动学习强国...
[2020-08-28 17:21:37,272][DEBUG][__init__.py][login_or_not][153]: 不需要登录
[2020-08-28 17:21:37,320][DEBUG][__init__.py][safe_click][115]: safe click //android.widget.TextView[@resource-id="cn.xuexi.android:id/comm_head_xuexi_score"]
[2020-08-28 17:21:42,824][DEBUG][__init__.py][view_score][208]: 登录, (1, 1)
[2020-08-28 17:21:42,824][DEBUG][__init__.py][view_score][208]: 我要选读文章, (12, 12)
[2020-08-28 17:21:42,824][DEBUG][__init__.py][view_score][208]: 视听学习, (6, 6)
[2020-08-28 17:21:42,824][DEBUG][__init__.py][view_score][208]: 视听学习时长, (6, 6)
[2020-08-28 17:21:42,824][DEBUG][__init__.py][view_score][208]: 每日答题, (4, 6)
[2020-08-28 17:21:42,824][DEBUG][__init__.py][view_score][208]: 每周答题, (0, 5)
[2020-08-28 17:21:42,824][DEBUG][__init__.py][view_score][208]: 专项答题, (0, 10)
[2020-08-28 17:21:42,824][DEBUG][__init__.py][view_score][208]: 挑战答题, (6, 6)
[2020-08-28 17:21:42,824][DEBUG][__init__.py][view_score][208]: 订阅, (0, 2)
[2020-08-28 17:21:42,825][DEBUG][__init__.py][view_score][208]: 分享, (1, 1)
[2020-08-28 17:21:42,825][DEBUG][__init__.py][view_score][208]: 发表观点, (1, 1)
[2020-08-28 17:21:42,825][DEBUG][__init__.py][view_score][208]: 本地频道, (1, 1)
[2020-08-28 17:21:42,825][DEBUG][__init__.py][safe_back][110]: score -> home
[2020-08-28 17:21:45,202][DEBUG][__main__.py][start][ 26]: 视听学习优先
[2020-08-28 17:21:45,202][INFO][__init__.py][_watch][954]: 视听学习积分已达成，无须重复视听
[2020-08-28 17:21:45,202][DEBUG][__init__.py][music][937]: 广播开关 默认
[2020-08-28 17:21:45,202][DEBUG][__init__.py][music][940]: 视听学习时长积分已达成，无需重复收听
[2020-08-28 17:21:45,203][INFO][__init__.py][read][884]: 新闻阅读已达成，无需重复阅读
[2020-08-28 17:21:50,206][DEBUG][__init__.py][safe_click][115]: safe click //*[@resource-id="cn.xuexi.android:id/comm_head_xuexi_mine"]
[2020-08-28 17:21:51,474][DEBUG][__init__.py][safe_click][115]: safe click //*[@text="我要答题"]
[2020-08-28 17:21:55,857][DEBUG][__init__.py][safe_click][115]: safe click //*[@text="每日答题"]
[2020-08-28 17:21:57,171][INFO][__init__.py][_daily][693]: 每日答题 第 1# 组
[2020-08-28 17:21:57,171][DEBUG][__init__.py][_dispatch][673]: 每日答题 第 9 题
[2020-08-28 17:21:57,393][DEBUG][__init__.py][_blank][505]: len of blank contents is 4
[2020-08-28 17:21:57,542][INFO][__init__.py][_blank][543]: 填空题 
[2020-08-28 17:21:57,542][DEBUG][model.py][get][ 88]: content is empty
[2020-08-28 17:21:59,823][DEBUG][__init__.py][_view_tips][479]: 提示 2018年10月23日，习近平总书记出席港珠澳大桥开通仪式，在巡览港珠澳大桥时强调，港珠澳大桥的建设创下多项世界之最，非常了不起，体现了我国综合国力、自主创新能力，体现了勇创世界一流的民族志气。这是一座圆梦桥、同心桥、自信桥、复兴桥。
[2020-08-28 17:22:03,889][DEBUG][__init__.py][_verify][271]: dest: []
[2020-08-28 17:22:03,889][DEBUG][__init__.py][_verify][280]: 多处填空题难以预料结果，索性不处理
[2020-08-28 17:22:03,889][DEBUG][__init__.py][_blank][549]: 提交答案 <generator object App._blank.<locals>.<genexpr> at 0x0000022712A4A5C8>
[2020-08-28 17:22:04,923][INFO][__init__.py][_submit][460]: 随机延时 5 秒...
[2020-08-28 17:22:09,924][DEBUG][__init__.py][safe_click][115]: safe click //*[@text="确定" or @text="下一题" or @text="完成"]
[2020-08-28 17:22:13,133][INFO][__init__.py][_blank][559]: 答案 世界一流
[2020-08-28 17:22:13,224][DEBUG][__init__.py][_blank][561]: 解析 2018年10月23日，习近平总书记出席港珠澳大桥开通仪式，在巡览港珠澳大桥时强调，港珠澳大桥的建设创下多项世界之最，非常了不起，体现了我国综合国力、自主创新能力，体现了勇创世界一流的民族志气。这是一座圆梦桥、同心桥、自信桥、复兴桥。
[2020-08-28 17:22:15,226][DEBUG][__init__.py][safe_click][115]: safe click //*[@text="确定" or @text="下一题" or @text="完成"]
[2020-08-28 17:22:17,287][DEBUG][model.py][put][ 67]: content is empty
[2020-08-28 17:22:17,287][DEBUG][__init__.py][_dispatch][673]: 每日答题 第 8 题
[2020-08-28 17:22:17,368][DEBUG][__init__.py][_blank][505]: len of blank contents is 2
[2020-08-28 17:22:17,442][INFO][__init__.py][_blank][543]: 填空题 
[2020-08-28 17:22:17,443][DEBUG][model.py][get][ 88]: content is empty
[2020-08-28 17:22:19,544][DEBUG][__init__.py][_view_tips][479]: 提示 2013年9月25日，国家主席习近平在联合国“教育第一”全球倡议行动一周年纪念活动上指出，百年大计，教育为本。教育是人类传承文明和知识、培养年轻一代、创造美好生活的根本途径。
[2020-08-28 17:22:23,605][DEBUG][__init__.py][_verify][271]: dest: []
[2020-08-28 17:22:23,605][DEBUG][__init__.py][_verify][280]: 多处填空题难以预料结果，索性不处理
[2020-08-28 17:22:23,605][DEBUG][__init__.py][_blank][549]: 提交答案 <generator object App._blank.<locals>.<genexpr> at 0x0000022712A4AA48>
[2020-08-28 17:22:24,619][INFO][__init__.py][_submit][460]: 随机延时 4 秒...
[2020-08-28 17:22:28,619][DEBUG][__init__.py][safe_click][115]: safe click //*[@text="确定" or @text="下一题" or @text="完成"]
[2020-08-28 17:22:31,817][INFO][__init__.py][_blank][559]: 答案 教育
[2020-08-28 17:22:31,868][DEBUG][__init__.py][_blank][561]: 解析 2013年9月25日，国家主席习近平在联合国“教育第一”全球倡议行动一周年纪念活动上指出，百年大计，教育为本。教育是人类传承文明和知识、培养年轻一代、创造美好生活的根本途径。
[2020-08-28 17:22:33,868][DEBUG][__init__.py][safe_click][115]: safe click //*[@text="确定" or @text="下一题" or @text="完成"]
[2020-08-28 17:22:37,930][DEBUG][model.py][put][ 67]: content is empty
[2020-08-28 17:22:37,930][DEBUG][__init__.py][_dispatch][673]: 每日答题 第 7 题
[2020-08-28 17:22:38,032][DEBUG][__init__.py][_blank][505]: len of blank contents is 3
[2020-08-28 17:22:38,138][INFO][__init__.py][_blank][543]: 填空题 
[2020-08-28 17:22:38,139][DEBUG][model.py][get][ 88]: content is empty
[2020-08-28 17:22:40,245][DEBUG][__init__.py][_view_tips][479]: 提示 宁夏内陆开放型经济试验区是我国内陆地区首个也是唯一一个覆盖整个省级区域的试验区，试验区的整体规划于2012年9月10日通过国务院批复，旨在将宁夏打造成向西开放的“桥头堡”，推动深化中国和阿拉伯国家经贸交流、投资合作和友好往来。
[2020-08-28 17:22:44,302][DEBUG][__init__.py][_verify][271]: dest: []
[2020-08-28 17:22:44,302][DEBUG][__init__.py][_verify][280]: 多处填空题难以预料结果，索性不处理
[2020-08-28 17:22:44,302][DEBUG][__init__.py][_blank][549]: 提交答案 <generator object App._blank.<locals>.<genexpr> at 0x0000022712A4A7C8>
[2020-08-28 17:22:45,320][INFO][__init__.py][_submit][460]: 随机延时 3 秒...
[2020-08-28 17:22:48,320][DEBUG][__init__.py][safe_click][115]: safe click //*[@text="确定" or @text="下一题" or @text="完成"]
[2020-08-28 17:22:52,487][INFO][__init__.py][_blank][559]: 答案 开放型
[2020-08-28 17:22:52,533][DEBUG][__init__.py][_blank][561]: 解析 宁夏内陆开放型经济试验区是我国内陆地区首个也是唯一一个覆盖整个省级区域的试验区，试验区的整体规划于2012年9月10日通过国务院批复，旨在将宁夏打造成向西开放的“桥头堡”，推动深化中国和阿拉伯国家经贸交流、投资合作和友好往来。
[2020-08-28 17:22:54,534][DEBUG][__init__.py][safe_click][115]: safe click //*[@text="确定" or @text="下一题" or @text="完成"]
[2020-08-28 17:22:57,587][DEBUG][model.py][put][ 67]: content is empty
[2020-08-28 17:22:57,587][DEBUG][__init__.py][_dispatch][673]: 每日答题 第 6 题
[2020-08-28 17:22:57,779][INFO][__init__.py][_check][634]: 多选题 2020年3月6日，习近平总书记在决战决胜脱贫攻坚座谈会上强调，确保高质量完成脱贫攻坚目标任务。多措并举巩固成果。要加大         力度，加强         精准对接，稳岗拓岗，支持         尽快复工，提升         能力，利用公益岗位提供更多就近就地就业机会。
['就业扶贫', '劳务输出地和输入地', '扶贫龙头企业、扶贫车间', '带贫']
[2020-08-28 17:22:57,779][DEBUG][model.py][get][ 90]: GET 2020年3月6日，习近平总书记在决战决胜脱贫攻坚座谈会上强调，确保高质量完成脱贫攻坚目标任务。多措并举巩固成果。要加大         力度，加强         精准对接，稳岗拓岗，支持         尽快复工，提升         能力，利用公益岗位提供更多就近就地就业机会。...
[2020-08-28 17:22:57,875][DEBUG][model.py][get][ 94]: GET item success
[2020-08-28 17:22:57,876][INFO][__init__.py][_verify][254]: 已知的正确答案: ABCD
[2020-08-28 17:22:57,876][DEBUG][__init__.py][_check][636]: 提交答案 ABCD
[2020-08-28 17:23:01,931][INFO][__init__.py][_submit][460]: 随机延时 3 秒...
[2020-08-28 17:23:04,932][DEBUG][__init__.py][safe_click][115]: safe click //*[@text="确定" or @text="下一题" or @text="完成"]
[2020-08-28 17:23:09,048][DEBUG][__init__.py][_dispatch][673]: 每日答题 第 5 题
[2020-08-28 17:23:09,239][INFO][__init__.py][_radio][593]: 单选题 在中国境内有住所，或者无住所而一个纳税年度内在中国境内居住累计满         的个人，为居民个人。
[2020-08-28 17:23:09,239][INFO][__init__.py][_radio][594]: 选项 ['一百八十三天', '一百天', '一年', '两百天']
[2020-08-28 17:23:09,240][DEBUG][model.py][get][ 90]: GET 在中国境内有住所，或者无住所而一个纳税年度内在中国境内居住累计满         的个人，为居民个人。...
[2020-08-28 17:23:09,302][DEBUG][model.py][get][ 94]: GET item success
[2020-08-28 17:23:09,302][INFO][__init__.py][_verify][254]: 已知的正确答案: A
[2020-08-28 17:23:09,302][INFO][__init__.py][_radio][597]: 提交答案 A
[2020-08-28 17:23:09,329][INFO][__init__.py][_submit][460]: 随机延时 5 秒...
[2020-08-28 17:23:14,330][DEBUG][__init__.py][safe_click][115]: safe click //*[@text="确定" or @text="下一题" or @text="完成"]
[2020-08-28 17:23:18,430][DEBUG][__init__.py][_dispatch][673]: 每日答题 第 4 题
[2020-08-28 17:23:18,476][ERROR][__init__.py][_dispatch][677]: 无法获取题目类型
[2020-08-28 17:23:24,902][INFO][__init__.py][connect][ 45]: 正在连接模拟器 127.0.0.1:62001，请稍候...
[2020-08-28 17:23:24,943][INFO][__init__.py][connect][ 47]: 模拟器 127.0.0.1:62001 连接成功
[2020-08-28 17:23:24,943][INFO][__init__.py][__init__][ 38]: 打开 appium 服务,正在配置...
[2020-08-28 17:23:24,944][INFO][__init__.py][__init__][ 39]: 正在启动学习强国...
[2020-08-28 17:23:51,967][DEBUG][__init__.py][login_or_not][153]: 不需要登录
[2020-08-28 17:23:52,016][DEBUG][__init__.py][safe_click][115]: safe click //android.widget.TextView[@resource-id="cn.xuexi.android:id/comm_head_xuexi_score"]
[2020-08-28 17:23:58,252][DEBUG][__init__.py][view_score][208]: 登录, (1, 1)
[2020-08-28 17:23:58,252][DEBUG][__init__.py][view_score][208]: 我要选读文章, (12, 12)
[2020-08-28 17:23:58,252][DEBUG][__init__.py][view_score][208]: 视听学习, (6, 6)
[2020-08-28 17:23:58,252][DEBUG][__init__.py][view_score][208]: 视听学习时长, (6, 6)
[2020-08-28 17:23:58,252][DEBUG][__init__.py][view_score][208]: 每日答题, (6, 6)
[2020-08-28 17:23:58,252][DEBUG][__init__.py][view_score][208]: 每周答题, (0, 5)
[2020-08-28 17:23:58,252][DEBUG][__init__.py][view_score][208]: 专项答题, (0, 10)
[2020-08-28 17:23:58,253][DEBUG][__init__.py][view_score][208]: 挑战答题, (6, 6)
[2020-08-28 17:23:58,253][DEBUG][__init__.py][view_score][208]: 订阅, (0, 2)
[2020-08-28 17:23:58,253][DEBUG][__init__.py][view_score][208]: 分享, (1, 1)
[2020-08-28 17:23:58,253][DEBUG][__init__.py][view_score][208]: 发表观点, (1, 1)
[2020-08-28 17:23:58,253][DEBUG][__init__.py][view_score][208]: 本地频道, (1, 1)
[2020-08-28 17:23:58,253][DEBUG][__init__.py][safe_back][110]: score -> home
[2020-08-28 17:24:00,279][DEBUG][__main__.py][start][ 26]: 视听学习优先
[2020-08-28 17:24:00,279][INFO][__init__.py][_watch][954]: 视听学习积分已达成，无须重复视听
[2020-08-28 17:24:00,280][DEBUG][__init__.py][music][937]: 广播开关 默认
[2020-08-28 17:24:00,280][DEBUG][__init__.py][music][940]: 视听学习时长积分已达成，无需重复收听
[2020-08-28 17:24:00,280][INFO][__init__.py][daily][726]: 每日答题积分已达成，无需重复答题
[2020-08-28 17:24:05,282][INFO][__init__.py][read][884]: 新闻阅读已达成，无需重复阅读
[2020-08-28 17:24:10,282][INFO][__init__.py][challenge][428]: 挑战答题积分已达成，无需重复挑战
[2020-08-28 17:24:15,282][DEBUG][__init__.py][safe_click][115]: safe click //*[@resource-id="cn.xuexi.android:id/comm_head_xuexi_mine"]
[2020-08-28 17:24:17,451][DEBUG][__init__.py][safe_click][115]: safe click //*[@text="我要答题"]
[2020-08-28 17:24:21,725][DEBUG][__init__.py][safe_click][115]: safe click //*[@text="每周答题"]
[2020-08-28 17:24:29,666][INFO][__init__.py][connect][ 45]: 正在连接模拟器 127.0.0.1:62001，请稍候...
[2020-08-28 17:24:29,694][INFO][__init__.py][connect][ 47]: 模拟器 127.0.0.1:62001 连接成功
[2020-08-28 17:24:29,694][INFO][__init__.py][__init__][ 38]: 打开 appium 服务,正在配置...
[2020-08-28 17:24:29,695][INFO][__init__.py][__init__][ 39]: 正在启动学习强国...
[2020-08-28 17:24:52,842][DEBUG][__init__.py][login_or_not][153]: 不需要登录
[2020-08-28 17:24:52,889][DEBUG][__init__.py][safe_click][115]: safe click //android.widget.TextView[@resource-id="cn.xuexi.android:id/comm_head_xuexi_score"]
[2020-08-28 17:24:57,637][DEBUG][__init__.py][view_score][208]: 登录, (1, 1)
[2020-08-28 17:24:57,638][DEBUG][__init__.py][view_score][208]: 我要选读文章, (12, 12)
[2020-08-28 17:24:57,638][DEBUG][__init__.py][view_score][208]: 视听学习, (6, 6)
[2020-08-28 17:24:57,638][DEBUG][__init__.py][view_score][208]: 视听学习时长, (6, 6)
[2020-08-28 17:24:57,638][DEBUG][__init__.py][view_score][208]: 每日答题, (6, 6)
[2020-08-28 17:24:57,638][DEBUG][__init__.py][view_score][208]: 每周答题, (0, 5)
[2020-08-28 17:24:57,638][DEBUG][__init__.py][view_score][208]: 专项答题, (0, 10)
[2020-08-28 17:24:57,638][DEBUG][__init__.py][view_score][208]: 挑战答题, (6, 6)
[2020-08-28 17:24:57,639][DEBUG][__init__.py][view_score][208]: 订阅, (0, 2)
[2020-08-28 17:24:57,639][DEBUG][__init__.py][view_score][208]: 分享, (1, 1)
[2020-08-28 17:24:57,639][DEBUG][__init__.py][view_score][208]: 发表观点, (1, 1)
[2020-08-28 17:24:57,639][DEBUG][__init__.py][view_score][208]: 本地频道, (1, 1)
[2020-08-28 17:24:57,639][DEBUG][__init__.py][safe_back][110]: score -> home
[2020-08-28 17:24:59,826][DEBUG][__main__.py][start][ 31]: 视听学习置后
[2020-08-28 17:24:59,826][DEBUG][__init__.py][music][937]: 广播开关 默认
[2020-08-28 17:24:59,826][DEBUG][__init__.py][music][940]: 视听学习时长积分已达成，无需重复收听
[2020-08-28 17:24:59,826][INFO][__init__.py][challenge][428]: 挑战答题积分已达成，无需重复挑战
[2020-08-28 17:25:04,827][DEBUG][__init__.py][safe_click][115]: safe click //*[@resource-id="cn.xuexi.android:id/comm_head_xuexi_mine"]
[2020-08-28 17:25:06,063][DEBUG][__init__.py][safe_click][115]: safe click //*[@text="我要答题"]
[2020-08-28 17:25:10,534][DEBUG][__init__.py][safe_click][115]: safe click //*[@text="每周答题"]
[2020-08-28 17:25:19,018][INFO][__init__.py][connect][ 45]: 正在连接模拟器 127.0.0.1:62001，请稍候...
[2020-08-28 17:25:19,060][INFO][__init__.py][connect][ 47]: 模拟器 127.0.0.1:62001 连接成功
[2020-08-28 17:25:19,061][INFO][__init__.py][__init__][ 38]: 打开 appium 服务,正在配置...
[2020-08-28 17:25:19,062][INFO][__init__.py][__init__][ 39]: 正在启动学习强国...
[2020-08-28 17:25:46,039][DEBUG][__init__.py][login_or_not][153]: 不需要登录
[2020-08-28 17:25:46,087][DEBUG][__init__.py][safe_click][115]: safe click //android.widget.TextView[@resource-id="cn.xuexi.android:id/comm_head_xuexi_score"]
[2020-08-28 17:25:52,090][DEBUG][__init__.py][view_score][208]: 登录, (1, 1)
[2020-08-28 17:25:52,090][DEBUG][__init__.py][view_score][208]: 我要选读文章, (12, 12)
[2020-08-28 17:25:52,090][DEBUG][__init__.py][view_score][208]: 视听学习, (6, 6)
[2020-08-28 17:25:52,090][DEBUG][__init__.py][view_score][208]: 视听学习时长, (6, 6)
[2020-08-28 17:25:52,090][DEBUG][__init__.py][view_score][208]: 每日答题, (6, 6)
[2020-08-28 17:25:52,090][DEBUG][__init__.py][view_score][208]: 每周答题, (0, 5)
[2020-08-28 17:25:52,090][DEBUG][__init__.py][view_score][208]: 专项答题, (0, 10)
[2020-08-28 17:25:52,090][DEBUG][__init__.py][view_score][208]: 挑战答题, (6, 6)
[2020-08-28 17:25:52,090][DEBUG][__init__.py][view_score][208]: 订阅, (0, 2)
[2020-08-28 17:25:52,090][DEBUG][__init__.py][view_score][208]: 分享, (1, 1)
[2020-08-28 17:25:52,091][DEBUG][__init__.py][view_score][208]: 发表观点, (1, 1)
[2020-08-28 17:25:52,091][DEBUG][__init__.py][view_score][208]: 本地频道, (1, 1)
[2020-08-28 17:25:52,091][DEBUG][__init__.py][safe_back][110]: score -> home
[2020-08-28 17:25:54,144][DEBUG][__main__.py][start][ 31]: 视听学习置后
[2020-08-28 17:25:54,144][DEBUG][__init__.py][music][937]: 广播开关 默认
[2020-08-28 17:25:54,144][DEBUG][__init__.py][music][940]: 视听学习时长积分已达成，无需重复收听
[2020-08-28 17:25:54,144][INFO][__init__.py][daily][726]: 每日答题积分已达成，无需重复答题
[2020-08-28 17:25:59,145][INFO][__init__.py][challenge][428]: 挑战答题积分已达成，无需重复挑战
[2020-08-28 17:26:04,146][DEBUG][__init__.py][safe_click][115]: safe click //*[@resource-id="cn.xuexi.android:id/comm_head_xuexi_mine"]
[2020-08-28 17:26:05,357][DEBUG][__init__.py][safe_click][115]: safe click //*[@text="我要答题"]
[2020-08-28 17:26:09,767][DEBUG][__init__.py][safe_click][115]: safe click //*[@text="每周答题"]
[2020-08-28 17:26:17,917][INFO][__init__.py][connect][ 45]: 正在连接模拟器 127.0.0.1:62001，请稍候...
[2020-08-28 17:26:17,957][INFO][__init__.py][connect][ 47]: 模拟器 127.0.0.1:62001 连接成功
[2020-08-28 17:26:17,957][INFO][__init__.py][__init__][ 38]: 打开 appium 服务,正在配置...
[2020-08-28 17:26:17,960][INFO][__init__.py][__init__][ 39]: 正在启动学习强国...
[2020-08-28 17:26:42,799][DEBUG][__init__.py][login_or_not][153]: 不需要登录
[2020-08-28 17:26:42,848][DEBUG][__init__.py][safe_click][115]: safe click //android.widget.TextView[@resource-id="cn.xuexi.android:id/comm_head_xuexi_score"]
[2020-08-28 17:26:47,995][DEBUG][__init__.py][view_score][208]: 登录, (1, 1)
[2020-08-28 17:26:47,995][DEBUG][__init__.py][view_score][208]: 我要选读文章, (12, 12)
[2020-08-28 17:26:47,995][DEBUG][__init__.py][view_score][208]: 视听学习, (6, 6)
[2020-08-28 17:26:47,996][DEBUG][__init__.py][view_score][208]: 视听学习时长, (6, 6)
[2020-08-28 17:26:47,996][DEBUG][__init__.py][view_score][208]: 每日答题, (6, 6)
[2020-08-28 17:26:47,996][DEBUG][__init__.py][view_score][208]: 每周答题, (0, 5)
[2020-08-28 17:26:47,996][DEBUG][__init__.py][view_score][208]: 专项答题, (0, 10)
[2020-08-28 17:26:47,996][DEBUG][__init__.py][view_score][208]: 挑战答题, (6, 6)
[2020-08-28 17:26:47,996][DEBUG][__init__.py][view_score][208]: 订阅, (0, 2)
[2020-08-28 17:26:47,996][DEBUG][__init__.py][view_score][208]: 分享, (1, 1)
[2020-08-28 17:26:47,996][DEBUG][__init__.py][view_score][208]: 发表观点, (1, 1)
[2020-08-28 17:26:47,996][DEBUG][__init__.py][view_score][208]: 本地频道, (1, 1)
[2020-08-28 17:26:47,996][DEBUG][__init__.py][safe_back][110]: score -> home
[2020-08-28 17:26:50,061][DEBUG][__main__.py][start][ 26]: 视听学习优先
[2020-08-28 17:26:50,061][INFO][__init__.py][_watch][954]: 视听学习积分已达成，无须重复视听
[2020-08-28 17:26:50,061][DEBUG][__init__.py][music][937]: 广播开关 默认
[2020-08-28 17:26:50,062][DEBUG][__init__.py][music][940]: 视听学习时长积分已达成，无需重复收听
[2020-08-28 17:26:50,062][INFO][__init__.py][read][884]: 新闻阅读已达成，无需重复阅读
[2020-08-28 17:26:55,064][DEBUG][__init__.py][safe_click][115]: safe click //*[@resource-id="cn.xuexi.android:id/comm_head_xuexi_mine"]
[2020-08-28 17:26:56,305][DEBUG][__init__.py][safe_click][115]: safe click //*[@text="我要答题"]
[2020-08-28 17:27:00,838][DEBUG][__init__.py][safe_click][115]: safe click //*[@text="每周答题"]
[2020-08-28 17:27:08,937][INFO][__init__.py][connect][ 45]: 正在连接模拟器 127.0.0.1:62001，请稍候...
[2020-08-28 17:27:08,980][INFO][__init__.py][connect][ 47]: 模拟器 127.0.0.1:62001 连接成功
[2020-08-28 17:27:08,980][INFO][__init__.py][__init__][ 38]: 打开 appium 服务,正在配置...
[2020-08-28 17:27:08,981][INFO][__init__.py][__init__][ 39]: 正在启动学习强国...
[2020-08-28 17:27:34,332][DEBUG][__init__.py][login_or_not][153]: 不需要登录
[2020-08-28 17:27:34,379][DEBUG][__init__.py][safe_click][115]: safe click //android.widget.TextView[@resource-id="cn.xuexi.android:id/comm_head_xuexi_score"]
[2020-08-28 17:27:38,743][DEBUG][__init__.py][view_score][208]: 登录, (1, 1)
[2020-08-28 17:27:38,743][DEBUG][__init__.py][view_score][208]: 我要选读文章, (12, 12)
[2020-08-28 17:27:38,744][DEBUG][__init__.py][view_score][208]: 视听学习, (6, 6)
[2020-08-28 17:27:38,744][DEBUG][__init__.py][view_score][208]: 视听学习时长, (6, 6)
[2020-08-28 17:27:38,744][DEBUG][__init__.py][view_score][208]: 每日答题, (6, 6)
[2020-08-28 17:27:38,744][DEBUG][__init__.py][view_score][208]: 每周答题, (0, 5)
[2020-08-28 17:27:38,744][DEBUG][__init__.py][view_score][208]: 专项答题, (0, 10)
[2020-08-28 17:27:38,744][DEBUG][__init__.py][view_score][208]: 挑战答题, (6, 6)
[2020-08-28 17:27:38,744][DEBUG][__init__.py][view_score][208]: 订阅, (0, 2)
[2020-08-28 17:27:38,744][DEBUG][__init__.py][view_score][208]: 分享, (1, 1)
[2020-08-28 17:27:38,744][DEBUG][__init__.py][view_score][208]: 发表观点, (1, 1)
[2020-08-28 17:27:38,744][DEBUG][__init__.py][view_score][208]: 本地频道, (1, 1)
[2020-08-28 17:27:38,744][DEBUG][__init__.py][safe_back][110]: score -> home
[2020-08-28 17:27:40,839][DEBUG][__main__.py][start][ 31]: 视听学习置后
[2020-08-28 17:27:40,839][DEBUG][__init__.py][music][937]: 广播开关 默认
[2020-08-28 17:27:40,839][DEBUG][__init__.py][music][940]: 视听学习时长积分已达成，无需重复收听
[2020-08-28 17:27:40,839][DEBUG][__init__.py][safe_click][115]: safe click //*[@resource-id="cn.xuexi.android:id/comm_head_xuexi_mine"]
[2020-08-28 17:27:42,567][DEBUG][__init__.py][safe_click][115]: safe click //*[@text="我要答题"]
[2020-08-28 17:27:47,962][DEBUG][__init__.py][safe_click][115]: safe click //*[@text="每周答题"]
[2020-08-28 17:27:55,790][INFO][__init__.py][connect][ 45]: 正在连接模拟器 127.0.0.1:62001，请稍候...
[2020-08-28 17:27:55,827][INFO][__init__.py][connect][ 47]: 模拟器 127.0.0.1:62001 连接成功
[2020-08-28 17:27:55,827][INFO][__init__.py][__init__][ 38]: 打开 appium 服务,正在配置...
[2020-08-28 17:27:55,828][INFO][__init__.py][__init__][ 39]: 正在启动学习强国...
[2020-08-28 17:28:22,122][DEBUG][__init__.py][login_or_not][153]: 不需要登录
[2020-08-28 17:28:22,171][DEBUG][__init__.py][safe_click][115]: safe click //android.widget.TextView[@resource-id="cn.xuexi.android:id/comm_head_xuexi_score"]
[2020-08-28 17:28:26,896][DEBUG][__init__.py][view_score][208]: 登录, (1, 1)
[2020-08-28 17:28:26,896][DEBUG][__init__.py][view_score][208]: 我要选读文章, (12, 12)
[2020-08-28 17:28:26,896][DEBUG][__init__.py][view_score][208]: 视听学习, (6, 6)
[2020-08-28 17:28:26,896][DEBUG][__init__.py][view_score][208]: 视听学习时长, (6, 6)
[2020-08-28 17:28:26,896][DEBUG][__init__.py][view_score][208]: 每日答题, (6, 6)
[2020-08-28 17:28:26,897][DEBUG][__init__.py][view_score][208]: 每周答题, (0, 5)
[2020-08-28 17:28:26,897][DEBUG][__init__.py][view_score][208]: 专项答题, (0, 10)
[2020-08-28 17:28:26,897][DEBUG][__init__.py][view_score][208]: 挑战答题, (6, 6)
[2020-08-28 17:28:26,897][DEBUG][__init__.py][view_score][208]: 订阅, (0, 2)
[2020-08-28 17:28:26,897][DEBUG][__init__.py][view_score][208]: 分享, (1, 1)
[2020-08-28 17:28:26,897][DEBUG][__init__.py][view_score][208]: 发表观点, (1, 1)
[2020-08-28 17:28:26,897][DEBUG][__init__.py][view_score][208]: 本地频道, (1, 1)
[2020-08-28 17:28:26,897][DEBUG][__init__.py][safe_back][110]: score -> home
[2020-08-28 17:28:28,967][DEBUG][__main__.py][start][ 31]: 视听学习置后
[2020-08-28 17:28:28,967][DEBUG][__init__.py][music][937]: 广播开关 默认
[2020-08-28 17:28:28,967][DEBUG][__init__.py][music][940]: 视听学习时长积分已达成，无需重复收听
[2020-08-28 17:28:28,967][INFO][__init__.py][read][884]: 新闻阅读已达成，无需重复阅读
[2020-08-28 17:28:33,969][INFO][__init__.py][daily][726]: 每日答题积分已达成，无需重复答题
[2020-08-28 17:28:38,970][DEBUG][__init__.py][safe_click][115]: safe click //*[@resource-id="cn.xuexi.android:id/comm_head_xuexi_mine"]
[2020-08-28 17:28:40,189][DEBUG][__init__.py][safe_click][115]: safe click //*[@text="我要答题"]
[2020-08-28 17:28:44,547][DEBUG][__init__.py][safe_click][115]: safe click //*[@text="每周答题"]
[2020-08-28 17:28:51,886][INFO][__init__.py][connect][ 45]: 正在连接模拟器 127.0.0.1:62001，请稍候...
[2020-08-28 17:28:51,924][INFO][__init__.py][connect][ 47]: 模拟器 127.0.0.1:62001 连接成功
[2020-08-28 17:28:51,925][INFO][__init__.py][__init__][ 38]: 打开 appium 服务,正在配置...
[2020-08-28 17:28:51,925][INFO][__init__.py][__init__][ 39]: 正在启动学习强国...
[2020-08-28 17:29:18,223][DEBUG][__init__.py][login_or_not][153]: 不需要登录
[2020-08-28 17:29:18,283][DEBUG][__init__.py][safe_click][115]: safe click //android.widget.TextView[@resource-id="cn.xuexi.android:id/comm_head_xuexi_score"]
[2020-08-28 17:29:23,240][DEBUG][__init__.py][view_score][208]: 登录, (1, 1)
[2020-08-28 17:29:23,240][DEBUG][__init__.py][view_score][208]: 我要选读文章, (12, 12)
[2020-08-28 17:29:23,240][DEBUG][__init__.py][view_score][208]: 视听学习, (6, 6)
[2020-08-28 17:29:23,240][DEBUG][__init__.py][view_score][208]: 视听学习时长, (6, 6)
[2020-08-28 17:29:23,240][DEBUG][__init__.py][view_score][208]: 每日答题, (6, 6)
[2020-08-28 17:29:23,240][DEBUG][__init__.py][view_score][208]: 每周答题, (0, 5)
[2020-08-28 17:29:23,240][DEBUG][__init__.py][view_score][208]: 专项答题, (0, 10)
[2020-08-28 17:29:23,241][DEBUG][__init__.py][view_score][208]: 挑战答题, (6, 6)
[2020-08-28 17:29:23,241][DEBUG][__init__.py][view_score][208]: 订阅, (0, 2)
[2020-08-28 17:29:23,241][DEBUG][__init__.py][view_score][208]: 分享, (1, 1)
[2020-08-28 17:29:23,241][DEBUG][__init__.py][view_score][208]: 发表观点, (1, 1)
[2020-08-28 17:29:23,241][DEBUG][__init__.py][view_score][208]: 本地频道, (1, 1)
[2020-08-28 17:29:23,241][DEBUG][__init__.py][safe_back][110]: score -> home
[2020-08-28 17:29:25,267][DEBUG][__main__.py][start][ 31]: 视听学习置后
[2020-08-28 17:29:25,267][DEBUG][__init__.py][music][937]: 广播开关 默认
[2020-08-28 17:29:25,267][DEBUG][__init__.py][music][940]: 视听学习时长积分已达成，无需重复收听
[2020-08-28 17:29:25,267][INFO][__init__.py][daily][726]: 每日答题积分已达成，无需重复答题
[2020-08-28 17:29:30,267][INFO][__init__.py][read][884]: 新闻阅读已达成，无需重复阅读
[2020-08-28 17:29:35,267][INFO][__init__.py][challenge][428]: 挑战答题积分已达成，无需重复挑战
[2020-08-28 17:29:40,267][DEBUG][__init__.py][safe_click][115]: safe click //*[@resource-id="cn.xuexi.android:id/comm_head_xuexi_mine"]
[2020-08-28 17:29:42,379][DEBUG][__init__.py][safe_click][115]: safe click //*[@text="我要答题"]
[2020-08-28 17:29:46,782][DEBUG][__init__.py][safe_click][115]: safe click //*[@text="每周答题"]
[2020-08-28 17:29:54,842][INFO][__init__.py][connect][ 45]: 正在连接模拟器 127.0.0.1:62001，请稍候...
[2020-08-28 17:29:54,883][INFO][__init__.py][connect][ 47]: 模拟器 127.0.0.1:62001 连接成功
[2020-08-28 17:29:54,883][INFO][__init__.py][__init__][ 38]: 打开 appium 服务,正在配置...
[2020-08-28 17:29:54,884][INFO][__init__.py][__init__][ 39]: 正在启动学习强国...
