[2020-08-30 11:14:21,828][INFO][__init__.py][connect][ 46]: 正在连接模拟器 127.0.0.1:62001，请稍候...
[2020-08-30 11:14:32,573][INFO][__init__.py][connect][ 48]: 模拟器 127.0.0.1:62001 连接成功
[2020-08-30 11:14:32,573][INFO][__init__.py][__init__][ 39]: 打开 appium 服务,正在配置...
[2020-08-30 11:14:32,574][INFO][__init__.py][__init__][ 40]: 正在启动学习强国...
[2020-08-30 11:15:06,442][DEBUG][__init__.py][login_or_not][155]: 不需要登录
[2020-08-30 11:15:06,489][DEBUG][__init__.py][safe_click][117]: safe click //android.widget.TextView[@resource-id="cn.xuexi.android:id/comm_head_xuexi_score"]
[2020-08-30 11:15:12,550][DEBUG][__init__.py][view_score][209]: 登录, (1, 1)
[2020-08-30 11:15:12,551][DEBUG][__init__.py][view_score][209]: 我要选读文章, (0, 12)
[2020-08-30 11:15:12,551][DEBUG][__init__.py][view_score][209]: 视听学习, (0, 6)
[2020-08-30 11:15:12,551][DEBUG][__init__.py][view_score][209]: 视听学习时长, (0, 6)
[2020-08-30 11:15:12,551][DEBUG][__init__.py][view_score][209]: 每日答题, (0, 6)
[2020-08-30 11:15:12,551][DEBUG][__init__.py][view_score][209]: 每周答题, (0, 5)
[2020-08-30 11:15:12,551][DEBUG][__init__.py][view_score][209]: 专项答题, (0, 10)
[2020-08-30 11:15:12,552][DEBUG][__init__.py][view_score][209]: 挑战答题, (0, 6)
[2020-08-30 11:15:12,552][DEBUG][__init__.py][view_score][209]: 订阅, (0, 2)
[2020-08-30 11:15:12,552][DEBUG][__init__.py][view_score][209]: 分享, (0, 1)
[2020-08-30 11:15:12,552][DEBUG][__init__.py][view_score][209]: 发表观点, (0, 1)
[2020-08-30 11:15:12,552][DEBUG][__init__.py][view_score][209]: 本地频道, (0, 1)
[2020-08-30 11:15:12,552][DEBUG][__init__.py][safe_back][112]: score -> home
[2020-08-30 11:15:14,502][DEBUG][__init__.py][safe_click][117]: safe click //*[@resource-id="cn.xuexi.android:id/comm_head_xuexi_mine"]
[2020-08-30 11:15:16,101][DEBUG][__init__.py][safe_click][117]: safe click //*[@text="我要答题"]
[2020-08-30 11:15:20,563][DEBUG][__init__.py][safe_click][117]: safe click //*[@text="每周答题"]
[2020-08-30 11:15:21,979][DEBUG][__init__.py][_weekly][990]: 2020年8月第四周答题 已作答
[2020-08-30 11:15:22,016][DEBUG][__init__.py][_weekly][990]: 2020年8月第三周答题 已作答
[2020-08-30 11:15:22,057][DEBUG][__init__.py][_weekly][990]: 2020年8月第二周答题 未作答
[2020-08-30 11:15:22,078][INFO][__init__.py][_weekly][992]: 2020年8月第二周答题, 开始！
[2020-08-30 11:15:31,089][DEBUG][__init__.py][_dispatch][671]: 每日答题 第 4 题
[2020-08-30 11:15:31,168][DEBUG][__init__.py][_blank][502]: len of blank contents is 4
[2020-08-30 11:15:31,310][INFO][__init__.py][_blank][540]: 填空题 
[2020-08-30 11:15:31,310][DEBUG][model.py][get][ 88]: content is empty
[2020-08-30 11:15:33,399][DEBUG][__init__.py][_view_tips][476]: 提示 2020年7月31日，中国向全世界郑重宣告，中国自主建设、独立运行的北斗三号全球卫星导航系统已全面建成，中国北斗开启了高质量服务全球、造福人类的新篇章。
[2020-08-30 11:15:37,442][DEBUG][__init__.py][_verify][272]: dest: []
[2020-08-30 11:15:37,442][DEBUG][__init__.py][_verify][281]: 多处填空题难以预料结果，索性不处理
[2020-08-30 11:15:37,442][DEBUG][__init__.py][_blank][546]: 提交答案 <generator object App._blank.<locals>.<genexpr> at 0x00000284C25A67C8>
[2020-08-30 11:15:38,462][INFO][__init__.py][_submit][457]: 随机延时 4 秒...
[2020-08-30 11:15:42,463][DEBUG][__init__.py][safe_click][117]: safe click //*[@text="确定" or @text="下一题" or @text="完成"]
[2020-08-30 11:16:03,890][INFO][__init__.py][connect][ 46]: 正在连接模拟器 127.0.0.1:62001，请稍候...
[2020-08-30 11:16:04,937][INFO][__init__.py][connect][ 48]: 模拟器 127.0.0.1:62001 连接成功
[2020-08-30 11:16:04,938][INFO][__init__.py][__init__][ 39]: 打开 appium 服务,正在配置...
[2020-08-30 11:16:04,938][INFO][__init__.py][__init__][ 40]: 正在启动学习强国...
[2020-08-30 11:16:40,164][DEBUG][__init__.py][login_or_not][155]: 不需要登录
[2020-08-30 11:16:40,214][DEBUG][__init__.py][safe_click][117]: safe click //android.widget.TextView[@resource-id="cn.xuexi.android:id/comm_head_xuexi_score"]
[2020-08-30 11:16:45,315][DEBUG][__init__.py][view_score][209]: 登录, (1, 1)
[2020-08-30 11:16:45,315][DEBUG][__init__.py][view_score][209]: 我要选读文章, (0, 12)
[2020-08-30 11:16:45,315][DEBUG][__init__.py][view_score][209]: 视听学习, (0, 6)
[2020-08-30 11:16:45,315][DEBUG][__init__.py][view_score][209]: 视听学习时长, (0, 6)
[2020-08-30 11:16:45,315][DEBUG][__init__.py][view_score][209]: 每日答题, (0, 6)
[2020-08-30 11:16:45,315][DEBUG][__init__.py][view_score][209]: 每周答题, (0, 5)
[2020-08-30 11:16:45,315][DEBUG][__init__.py][view_score][209]: 专项答题, (0, 10)
[2020-08-30 11:16:45,315][DEBUG][__init__.py][view_score][209]: 挑战答题, (0, 6)
[2020-08-30 11:16:45,315][DEBUG][__init__.py][view_score][209]: 订阅, (0, 2)
[2020-08-30 11:16:45,315][DEBUG][__init__.py][view_score][209]: 分享, (0, 1)
[2020-08-30 11:16:45,315][DEBUG][__init__.py][view_score][209]: 发表观点, (0, 1)
[2020-08-30 11:16:45,315][DEBUG][__init__.py][view_score][209]: 本地频道, (0, 1)
[2020-08-30 11:16:45,315][DEBUG][__init__.py][safe_back][112]: score -> home
[2020-08-30 11:16:47,112][DEBUG][__main__.py][start][ 31]: 视听学习置后
[2020-08-30 11:16:47,112][DEBUG][__init__.py][music][932]: 广播开关 默认
[2020-08-30 11:16:47,112][DEBUG][__init__.py][_music][941]: 正在打开《音乐之声》...
[2020-08-30 11:16:47,112][DEBUG][__init__.py][safe_click][117]: safe click //*[@resource-id="cn.xuexi.android:id/home_bottom_tab_button_mine"]
[2020-08-30 11:16:48,300][DEBUG][__init__.py][safe_click][117]: safe click //*[@text="听新闻广播"]
[2020-08-30 11:16:50,318][DEBUG][__init__.py][safe_click][117]: safe click //*[@text="音乐之声"]
[2020-08-30 11:16:51,665][DEBUG][__init__.py][safe_click][117]: safe click //*[@resource-id="cn.xuexi.android:id/home_bottom_tab_button_work"]
[2020-08-30 11:16:52,978][DEBUG][__init__.py][safe_click][117]: safe click //*[@resource-id="cn.xuexi.android:id/comm_head_xuexi_mine"]
[2020-08-30 11:16:54,500][DEBUG][__init__.py][safe_click][117]: safe click //*[@text="我要答题"]
[2020-08-30 11:16:59,220][DEBUG][__init__.py][safe_click][117]: safe click //*[@text="每日答题"]
[2020-08-30 11:17:00,439][INFO][__init__.py][_daily][690]: 每日答题 第 5# 组
[2020-08-30 11:17:02,995][DEBUG][__init__.py][_dispatch][671]: 每日答题 第 9 题
[2020-08-30 11:17:03,214][INFO][__init__.py][_check][632]: 多选题 唐宋八大家包括王安石、         、         、         、柳宗元、苏轼、苏辙、欧阳修。
['王维', '韩愈', '苏洵', '曾巩']
[2020-08-30 11:17:03,214][DEBUG][model.py][get][ 90]: GET 唐宋八大家包括王安石、         、         、         、柳宗元、苏轼、苏辙、欧阳修。...
[2020-08-30 11:17:03,308][DEBUG][model.py][get][ 94]: GET item success
[2020-08-30 11:17:03,308][INFO][__init__.py][_verify][255]: 已知的正确答案: BCD
[2020-08-30 11:17:03,308][DEBUG][__init__.py][_check][634]: 提交答案 BCD
[2020-08-30 11:17:06,372][INFO][__init__.py][_submit][457]: 随机延时 5 秒...
[2020-08-30 11:17:11,372][DEBUG][__init__.py][safe_click][117]: safe click //*[@text="确定" or @text="下一题" or @text="完成"]
[2020-08-30 11:17:13,516][DEBUG][__init__.py][_dispatch][671]: 每日答题 第 8 题
[2020-08-30 11:17:13,704][INFO][__init__.py][_radio][590]: 单选题 挪威剧作家易卜生被称为“欧洲现代戏剧之父”，他的现实主义戏剧堪称典范。其主要代表作品         ，通过女主人公娜拉和丈夫海尔茂的家庭生活，揭露和批判了资产阶级婚姻及其伦理道德观念的虚伪性，当娜拉认识到自己的地位时，毫不犹豫地离家出走了。
[2020-08-30 11:17:13,704][INFO][__init__.py][_radio][591]: 选项 ['《社会支柱》', '《玩偶之家》', '《群鬼》', '《人民公敌》']
[2020-08-30 11:17:13,705][DEBUG][model.py][get][ 90]: GET 挪威剧作家易卜生被称为“欧洲现代戏剧之父”，他的现实主义戏剧堪称典范。其主要代表作品         ，通过女主人公娜拉和丈夫海尔茂的家庭生活，揭露和批判了资产阶级婚姻及其伦理道德观念的虚伪性，当娜拉认识到自己的地位时，毫不犹豫地离家出走了。...
[2020-08-30 11:17:13,758][DEBUG][model.py][get][ 94]: GET item success
[2020-08-30 11:17:13,758][INFO][__init__.py][_verify][255]: 已知的正确答案: B
[2020-08-30 11:17:13,758][INFO][__init__.py][_radio][594]: 提交答案 B
[2020-08-30 11:17:13,772][INFO][__init__.py][_submit][457]: 随机延时 3 秒...
[2020-08-30 11:17:16,773][DEBUG][__init__.py][safe_click][117]: safe click //*[@text="确定" or @text="下一题" or @text="完成"]
[2020-08-30 11:17:18,871][DEBUG][__init__.py][_dispatch][671]: 每日答题 第 7 题
[2020-08-30 11:17:19,041][INFO][__init__.py][_radio][590]: 单选题 一次完整的体育健身活动包括三个重要部分，依照活动的先后顺序排列应为         。
[2020-08-30 11:17:19,041][INFO][__init__.py][_radio][591]: 选项 ['准备活动—放松活动—基本活动', '准备活动—基本活动—放松活动', '基本活动—准备活动—放松活动', '放松活动—准备活动—基本活动']
[2020-08-30 11:17:19,042][DEBUG][model.py][get][ 90]: GET 一次完整的体育健身活动包括三个重要部分，依照活动的先后顺序排列应为         。...
[2020-08-30 11:17:19,095][DEBUG][model.py][get][ 94]: GET item success
[2020-08-30 11:17:19,096][INFO][__init__.py][_verify][255]: 已知的正确答案: D
[2020-08-30 11:17:19,096][INFO][__init__.py][_radio][594]: 提交答案 D
[2020-08-30 11:17:19,109][INFO][__init__.py][_submit][457]: 随机延时 4 秒...
[2020-08-30 11:17:23,109][DEBUG][__init__.py][safe_click][117]: safe click //*[@text="确定" or @text="下一题" or @text="完成"]
[2020-08-30 11:17:26,266][INFO][__init__.py][_radio][602]: 答案 B
[2020-08-30 11:17:28,267][DEBUG][__init__.py][safe_click][117]: safe click //*[@text="确定" or @text="下一题" or @text="完成"]
[2020-08-30 11:17:30,325][DEBUG][__init__.py][_dispatch][671]: 每日答题 第 6 题
[2020-08-30 11:17:30,400][DEBUG][__init__.py][_blank][502]: len of blank contents is 2
[2020-08-30 11:17:30,479][INFO][__init__.py][_blank][540]: 填空题 
[2020-08-30 11:17:30,480][DEBUG][model.py][get][ 88]: content is empty
[2020-08-30 11:17:32,571][DEBUG][__init__.py][_view_tips][476]: 提示 2017年4月19日，习近平总书记在广西壮族自治区考察调研时指出，我们常说要想富先修路，在沿海地区要想富也要先建港。
[2020-08-30 11:17:36,618][DEBUG][__init__.py][_verify][272]: dest: []
[2020-08-30 11:17:36,618][DEBUG][__init__.py][_verify][281]: 多处填空题难以预料结果，索性不处理
[2020-08-30 11:17:36,618][DEBUG][__init__.py][_blank][546]: 提交答案 <generator object App._blank.<locals>.<genexpr> at 0x00000239DE566948>
[2020-08-30 11:17:37,637][INFO][__init__.py][_submit][457]: 随机延时 3 秒...
[2020-08-30 11:17:40,637][DEBUG][__init__.py][safe_click][117]: safe click //*[@text="确定" or @text="下一题" or @text="完成"]
[2020-08-30 11:17:43,829][INFO][__init__.py][_blank][556]: 答案 建港
[2020-08-30 11:17:43,872][DEBUG][__init__.py][_blank][558]: 解析 2017年4月19日，习近平总书记在广西壮族自治区考察调研时指出，我们常说要想富先修路，在沿海地区要想富也要先建港。
[2020-08-30 11:17:45,873][DEBUG][__init__.py][safe_click][117]: safe click //*[@text="确定" or @text="下一题" or @text="完成"]
[2020-08-30 11:17:47,920][DEBUG][model.py][put][ 67]: content is empty
[2020-08-30 11:17:47,920][DEBUG][__init__.py][_dispatch][671]: 每日答题 第 5 题
[2020-08-30 11:17:48,079][INFO][__init__.py][_radio][590]: 单选题 党的十八大以来，我们党形成并统筹推进经济建设、政治建设、文化建设、社会建设、         “五位一体”总体布局，形成并协调推进全面建成小康社会、全面深化改革、全面依法治国、全面从严治党“四个全面”战略布局。
[2020-08-30 11:17:48,079][INFO][__init__.py][_radio][591]: 选项 ['制度建设', '体制建设', '生态文明建设']
[2020-08-30 11:17:48,081][DEBUG][model.py][get][ 90]: GET 党的十八大以来，我们党形成并统筹推进经济建设、政治建设、文化建设、社会建设、         “五位一体”总体布局，形成并协调推进全面建成小康社会、全面深化改革、全面依法治国、全面从严治党“四个全面”战略布局。...
[2020-08-30 11:17:48,141][DEBUG][model.py][get][ 94]: GET item success
[2020-08-30 11:17:48,141][INFO][__init__.py][_verify][255]: 已知的正确答案: C
[2020-08-30 11:17:48,141][INFO][__init__.py][_radio][594]: 提交答案 C
[2020-08-30 11:17:48,157][INFO][__init__.py][_submit][457]: 随机延时 3 秒...
[2020-08-30 11:17:51,159][DEBUG][__init__.py][safe_click][117]: safe click //*[@text="确定" or @text="下一题" or @text="完成"]
[2020-08-30 11:17:53,943][DEBUG][__init__.py][_dispatch][671]: 每日答题 第 4 题
[2020-08-30 11:17:53,975][ERROR][__init__.py][_dispatch][675]: 无法获取题目类型
